<?xml version="1.0" encoding="UTF-8"?>
<robot generator="Robot 3.1.2 (Python 3.8.2 on linux)" generated="20200427 09:01:16.621" rpa="false">
<suite id="s1" name="Robot Bonus" source="/home/calvin/AutomationTesting/Python-Projects/PYats/Genie/003_pyATS-Robot/CL-DevNet-2595/robot_bonus.robot">
<test id="s1-t1" name="Connect">
<kw name="use genie testbed &quot;${testbed}&quot;" library="genie.libs.robot.GenieRobot">
<doc>Create the genie testbed</doc>
<msg timestamp="20200427 09:01:17.061" level="INFO">+------------------------------------------------------------------------------+
|                            Genie datafiles used:                             |
+------------------------------------------------------------------------------+</msg>
<msg timestamp="20200427 09:01:17.061" level="INFO">Trigger datafile          | /home/calvin/AutomationTesting/Python-Projects/PYats/Genie/venv/lib/python3.8/site-packages/genie/libs/sdk/genie_yamls/nxos/trigger_datafile_nxos.yaml</msg>
<msg timestamp="20200427 09:01:17.061" level="INFO">Verification  datafile    | /home/calvin/AutomationTesting/Python-Projects/PYats/Genie/venv/lib/python3.8/site-packages/genie/libs/sdk/genie_yamls/nxos/verification_datafile_nxos.yaml</msg>
<msg timestamp="20200427 09:01:17.061" level="INFO">Pts datafile              | /home/calvin/AutomationTesting/Python-Projects/PYats/Genie/venv/lib/python3.8/site-packages/genie/libs/sdk/genie_yamls/pts_datafile.yaml</msg>
<msg timestamp="20200427 09:01:17.061" level="INFO">Subsection datafile       | /home/calvin/AutomationTesting/Python-Projects/PYats/Genie/venv/lib/python3.8/site-packages/genie/libs/sdk/genie_yamls/subsection_datafile.yaml</msg>
<msg timestamp="20200427 09:01:17.062" level="INFO">Config datafile           | None</msg>
<status status="PASS" starttime="20200427 09:01:17.044" endtime="20200427 09:01:17.999"></status>
</kw>
<kw name="connect to device &quot;nx-osv-1&quot;" library="pyats.robot.pyATSRobot">
<doc>Connect to device connection as defined in testbed.yaml</doc>
<msg timestamp="20200427 09:01:18.000" level="INFO">Connecting to device 'Device nx-osv-1 (alias=uut), type Nexus'</msg>
<msg timestamp="20200427 09:01:18.000" level="INFO">kwargs: {}</msg>
<msg timestamp="20200427 09:01:18.985" level="INFO">[2020-04-27 09:01:18,000] +++ nx-osv-1 logfile /tmp/nx-osv-1-cli-20200427T090118000.log +++
[2020-04-27 09:01:18,001] +++ Unicon plugin nxos +++
switch#
[2020-04-27 09:01:18,681] +++ connection to spawn: mock_device_cli --os nxos --mock_data_dir mocked_devices/initial_yamls/nxos --state execute, id: 140701535556080 +++
[2020-04-27 09:01:18,681] connection to nx-osv-1
[2020-04-27 09:01:18,727] +++ initializing handle +++
[2020-04-27 09:01:18,729] +++ nx-osv-1: executing command 'term length 0' +++
term length 0
switch#
[2020-04-27 09:01:18,822] +++ nx-osv-1: executing command 'term width 511' +++
term width 511
switch#
[2020-04-27 09:01:18,897] +++ nx-osv-1: executing command 'terminal session-timeout 0' +++
terminal session-timeout 0
switch#
[2020-04-27 09:01:18,976] +++ nx-osv-1: config +++
config term
nx-osv-1(config)#no logging console
nx-osv-1(config)#line console
nx-osv-1(config)#exec-timeout 0
nx-osv-1(config)#terminal width 511
nx-osv-1(config)#end
switch#</msg>
<status status="PASS" starttime="20200427 09:01:18.000" endtime="20200427 09:01:18.985"></status>
</kw>
<kw name="connect to device &quot;csr1000v-1&quot;" library="pyats.robot.pyATSRobot">
<doc>Connect to device connection as defined in testbed.yaml</doc>
<msg timestamp="20200427 09:01:18.987" level="INFO">Connecting to device 'Device csr1000v-1 (alias=helper), type router'</msg>
<msg timestamp="20200427 09:01:18.987" level="INFO">kwargs: {}</msg>
<msg timestamp="20200427 09:01:19.832" level="INFO">[2020-04-27 09:01:18,989] +++ csr1000v-1 logfile /tmp/csr1000v-1-cli-20200427T090118988.log +++
[2020-04-27 09:01:18,989] +++ Unicon plugin iosxe +++
switch#
[2020-04-27 09:01:19,387] +++ connection to spawn: mock_device_cli --os iosxe --mock_data_dir mocked_devices/initial_yamls/csr --state execute, id: 140701535919552 +++
[2020-04-27 09:01:19,387] connection to csr1000v-1
[2020-04-27 09:01:19,434] +++ initializing handle +++
[2020-04-27 09:01:19,434] +++ csr1000v-1: executing command 'term length 0' +++
term length 0
switch#
[2020-04-27 09:01:19,564] +++ csr1000v-1: executing command 'term width 0' +++
term width 0
switch#
[2020-04-27 09:01:19,690] +++ csr1000v-1: executing command 'show version' +++
show version
Cisco IOS XE Software, Version 16.09.01
Cisco IOS Software [Fuji], Virtual XE Software (X86_64_LINUX_IOSD-UNIVERSALK9-M), Version 16.9.1, RELEASE SOFTWARE (fc2)
Technical Support: http://www.cisco.com/techsupport
Copyright (c) 1986-2018 by Cisco Systems, Inc.
Compiled Tue 17-Jul-18 16:57 by mcpre


Cisco IOS-XE software, Copyright (c) 2005-2018 by cisco Systems, Inc.
All rights reserved.  Certain components of Cisco IOS-XE software are
licensed under the GNU General Public License ("GPL") Version 2.0.  The
software code licensed under GPL Version 2.0 is free software that comes
with ABSOLUTELY NO WARRANTY.  You can redistribute and/or modify such
GPL code under the terms of GPL Version 2.0.  For more details, see the
documentation or "License Notice" file accompanying the IOS-XE software,
or the applicable URL provided on the flyer accompanying the IOS-XE
software.


ROM: IOS-XE ROMMON

csr1000v-1 uptime is 6 days, 1 hour, 10 minutes
Uptime for this control processor is 6 days, 1 hour, 12 minutes
System returned to ROM by reload
System image file is "bootflash:packages.conf"
Last reload reason: Reload Command



This product contains cryptographic features and is subject to United
States and local country laws governing import, export, transfer and
use. Delivery of Cisco cryptographic products does not imply
third-party authority to import, export, distribute or use encryption.
Importers, exporters, distributors and users are responsible for
compliance with U.S. and local country laws. By using this product you
agree to comply with applicable laws and regulations. If you are unable
to comply with U.S. and local laws, return this product immediately.

A summary of U.S. laws governing Cisco cryptographic products may be found at:
http://www.cisco.com/wwl/export/crypto/tool/stqrg.html

If you require further assistance please contact us by sending email to
export@cisco.com.

License Level: ax
License Type: Default. No valid license found.
Next reload license Level: ax

cisco CSR1000V (VXE) processor (revision VXE) with 1217428K/3075K bytes of memory.
Processor board ID 9DWED26H4SG
3 Gigabit Ethernet interfaces
32768K bytes of non-volatile configuration memory.
3018864K bytes of physical memory.
7774207K bytes of virtual hard disk at bootflash:.
0K bytes of WebUI ODM Files at webui:.

Configuration register is 0x2102
switch#
[2020-04-27 09:01:19,816] +++ csr1000v-1: config +++
config term
csr1000v-1(config)#no logging console
csr1000v-1(config)#line console 0
csr1000v-1(config)#exec-timeout 0
csr1000v-1(config)#end
switch#</msg>
<status status="PASS" starttime="20200427 09:01:18.986" endtime="20200427 09:01:19.833"></status>
</kw>
<status status="PASS" starttime="20200427 09:01:17.043" endtime="20200427 09:01:19.834" critical="yes"></status>
</test>
<test id="s1-t2" name="Verify the counts of Bgp 'established' neighbors for nx-osv-1&amp;csr1000v-1">
<kw name="verify count &quot;1&quot; &quot;bgp neighbors&quot; on device &quot;nx-osv-1&quot;" library="genie.libs.robot.GenieRobot">
<doc>Verify that a specific number of &lt;...&gt; is &lt;...&gt; on a device.</doc>
<msg timestamp="20200427 09:01:20.235" level="INFO">Could not learn &lt;class 'genie.libs.parser.nxos.show_bgp.ShowBgpPeerSession'&gt;
Parser Output is empty</msg>
<msg timestamp="20200427 09:01:20.315" level="INFO">Could not learn &lt;class 'genie.libs.parser.nxos.show_bgp.ShowBgpPeerPolicy'&gt;
Parser Output is empty</msg>
<msg timestamp="20200427 09:01:20.395" level="INFO">Could not learn &lt;class 'genie.libs.parser.nxos.show_bgp.ShowBgpVrfAllAllDampeningParameters'&gt;
Parser Output is empty</msg>
<msg timestamp="20200427 09:01:20.727" level="INFO">Could not learn &lt;class 'genie.libs.parser.nxos.show_vrf.ShowVrf'&gt;
Invalid command has been executed</msg>
<msg timestamp="20200427 09:01:20.810" level="INFO">+====================================================================================================================================================+</msg>
<msg timestamp="20200427 09:01:20.810" level="INFO">| Commands for learning feature 'Bgp'                                                                                                                |</msg>
<msg timestamp="20200427 09:01:20.810" level="INFO">+====================================================================================================================================================+</msg>
<msg timestamp="20200427 09:01:20.810" level="INFO">| - Parsed commands                                                                                                                                  |</msg>
<msg timestamp="20200427 09:01:20.811" level="INFO">|----------------------------------------------------------------------------------------------------------------------------------------------------|</msg>
<msg timestamp="20200427 09:01:20.811" level="INFO">|   cmd: &lt;class 'genie.libs.parser.nxos.show_bgp.ShowBgpProcessVrfAll'&gt;, arguments: {'vrf':'all'}                                                    |</msg>
<msg timestamp="20200427 09:01:20.811" level="INFO">|   cmd: &lt;class 'genie.libs.parser.nxos.show_bgp.ShowBgpVrfAllAllNextHopDatabase'&gt;, arguments: {'address_family':'all','vrf':'all'}                  |</msg>
<msg timestamp="20200427 09:01:20.811" level="INFO">|   cmd: &lt;class 'genie.libs.parser.nxos.show_routing.ShowRoutingVrfAll'&gt;, arguments: {'vrf':'all'}                                                   |</msg>
<msg timestamp="20200427 09:01:20.811" level="INFO">|   cmd: &lt;class 'genie.libs.parser.nxos.show_bgp.ShowBgpVrfAllAll'&gt;, arguments: {'address_family':'all','vrf':'all'}                                 |</msg>
<msg timestamp="20200427 09:01:20.811" level="INFO">|   cmd: &lt;class 'genie.libs.parser.nxos.show_bgp.ShowBgpVrfAllAllSummary'&gt;, arguments: {'address_family':'all','vrf':'all'}                          |</msg>
<msg timestamp="20200427 09:01:20.811" level="INFO">|====================================================================================================================================================|</msg>
<msg timestamp="20200427 09:01:20.811" level="INFO">| - Commands not accepted on the device                                                                                                              |</msg>
<msg timestamp="20200427 09:01:20.811" level="INFO">|----------------------------------------------------------------------------------------------------------------------------------------------------|</msg>
<msg timestamp="20200427 09:01:20.811" level="INFO">|   cmd: &lt;class 'genie.libs.parser.nxos.show_vrf.ShowVrf'&gt;, arguments: {'vrf':'all'}                                                                 |</msg>
<msg timestamp="20200427 09:01:20.811" level="INFO">|====================================================================================================================================================|</msg>
<msg timestamp="20200427 09:01:20.811" level="INFO">| - Commands with empty output                                                                                                                       |</msg>
<msg timestamp="20200427 09:01:20.811" level="INFO">|----------------------------------------------------------------------------------------------------------------------------------------------------|</msg>
<msg timestamp="20200427 09:01:20.811" level="INFO">|   cmd: &lt;class 'genie.libs.parser.nxos.show_bgp.ShowBgpPeerSession'&gt;                                                                                |</msg>
<msg timestamp="20200427 09:01:20.811" level="INFO">|   cmd: &lt;class 'genie.libs.parser.nxos.show_bgp.ShowBgpPeerPolicy'&gt;                                                                                 |</msg>
<msg timestamp="20200427 09:01:20.811" level="INFO">|   cmd: &lt;class 'genie.libs.parser.nxos.show_bgp.ShowBgpVrfAllAllDampeningParameters'&gt;, arguments: {'address_family':'all','vrf':'all'}              |</msg>
<msg timestamp="20200427 09:01:20.812" level="INFO">|====================================================================================================================================================|</msg>
<msg timestamp="20200427 09:01:20.817" level="INFO">[2020-04-27 09:01:20,040] +++ nx-osv-1: executing command 'show bgp process vrf all' +++
show bgp process vrf all

BGP Process Information
BGP Process ID                 : 8613
BGP Protocol Started, reason:  : configuration
BGP Protocol Tag               : 65000
BGP Protocol State             : Running
BGP MMODE                      : Not Initialized
BGP Memory State               : OK
BGP asformat                   : asplain

BGP attributes information
Number of attribute entries    : 2
HWM of attribute entries       : 2
Bytes used by entries          : 200
Entries pending delete         : 0
HWM of entries pending delete  : 0
BGP paths per attribute HWM    : 1
BGP AS path entries            : 0
Bytes used by AS path entries  : 0

Information regarding configured VRFs:

BGP Information for VRF default
VRF Id                         : 1
VRF state                      : UP
Router-ID                      : 10.2.2.2
Configured Router-ID           : 10.2.2.2
Confed-ID                      : 0
Cluster-ID                     : 0.0.0.0
No. of configured peers        : 1
No. of pending config peers    : 0
No. of established peers       : 1
VRF RD                         : Not configured

    Information for address family IPv4 Unicast in VRF default
    Table Id                   : 1
    Table state                : UP
    Peers      Active-peers    Routes     Paths      Networks   Aggregates
    1          1               2          2          1          0         

    Redistribution                
        None

    Wait for IGP convergence is not configured


    Nexthop trigger-delay
        critical 3000 ms
        non-critical 10000 ms

    Information for address family IPv6 Unicast in VRF default
    Table Id                   : 80000001
    Table state                : UP
    Peers      Active-peers    Routes     Paths      Networks   Aggregates
    0          0               0          0          0          0         

    Redistribution                
        None

    Wait for IGP convergence is not configured


    Nexthop trigger-delay
        critical 3000 ms
        non-critical 10000 ms
switch#
[2020-04-27 09:01:20,155] +++ nx-osv-1: executing command 'show running-config | inc peer-session' +++
show running-config | inc peer-session
switch#
[2020-04-27 09:01:20,236] +++ nx-osv-1: executing command 'show running-config | inc peer-policy' +++
show running-config | inc peer-policy
switch#
[2020-04-27 09:01:20,315] +++ nx-osv-1: executing command 'show bgp vrf all all dampening parameters' +++
show bgp vrf all all dampening parameters
switch#
[2020-04-27 09:01:20,396] +++ nx-osv-1: executing command 'show bgp vrf all all nexthop-database' +++
show bgp vrf all all nexthop-database

Next Hop table for VRF default, address family IPv4 Unicast:
Next-hop trigger-delay(miliseconds)
  Critical: 3000 Non-critical: 10000
IPv4 Next-hop table

Nexthop: 0.0.0.0, Flags: 0x2, Refcount: 1, IGP cost: 0
IGP Route type: 0, IGP preference: 0
Nexthop is not-attached local unreachable not-labeled
Nexthop last resolved: never, using 0.0.0.0/0
Metric next advertise: Never
RNH epoch: 0

Nexthop: 10.1.1.1, Flags: 0x1, Refcount: 1, IGP cost: 41
IGP Route type: 0, IGP preference: 110
Attached nexthop: 10.0.2.1, Interface: Ethernet2/2
Attached nexthop: 10.0.1.1, Interface: Ethernet2/1
Nexthop is not-attached not-local reachable not-labeled
Nexthop last resolved: 00:01:31, using 10.1.1.1/32
Metric next advertise: Never
RNH epoch: 3
IPv6 Next-hop table

Next Hop table for VRF default, address family IPv6 Unicast:
Next-hop trigger-delay(miliseconds)
  Critical: 3000 Non-critical: 10000
IPv4 Next-hop table
IPv6 Next-hop table
switch#
[2020-04-27 09:01:20,482] +++ nx-osv-1: executing command 'show routing vrf all' +++
show routing vrf all
IP Route Table for VRF "default"
'*' denotes best ucast next-hop
'**' denotes best mcast next-hop
'[x/y]' denotes [preference/metric]
'%&lt;string&gt;' in via output denotes VRF &lt;string&gt;

10.0.1.0/24, ubest/mbest: 1/0, attached
    *via 10.0.1.2, Eth2/1, [0/0], 00:01:41, direct
10.0.1.2/32, ubest/mbest: 1/0, attached
    *via 10.0.1.2, Eth2/1, [0/0], 00:01:41, local
10.0.2.0/24, ubest/mbest: 1/0, attached
    *via 10.0.2.2, Eth2/2, [0/0], 6d01h, direct
10.0.2.2/32, ubest/mbest: 1/0, attached
    *via 10.0.2.2, Eth2/2, [0/0], 6d01h, local
10.1.1.1/32, ubest/mbest: 2/0
    *via 10.0.1.1, Eth2/1, [110/41], 00:01:32, ospf-1, intra
    *via 10.0.2.1, Eth2/2, [110/41], 00:01:32, ospf-1, intra
10.2.2.2/32, ubest/mbest: 2/0, attached
    *via 10.2.2.2, Lo0, [0/0], 6d01h, local
    *via 10.2.2.2, Lo0, [0/0], 6d01h, direct
10.11.11.11/32, ubest/mbest: 1/0
    *via 10.1.1.1, [200/0], 00:01:32, bgp-65000, internal, tag 65000, 
10.22.22.22/32, ubest/mbest: 2/0, attached
    *via 10.22.22.22, Lo1, [0/0], 6d01h, local
    *via 10.22.22.22, Lo1, [0/0], 6d01h, direct
switch#
[2020-04-27 09:01:20,573] +++ nx-osv-1: executing command 'show bgp vrf all all' +++
show bgp vrf all all
BGP routing table information for VRF default, address family IPv4 Unicast
BGP table version is 7, local router ID is 10.2.2.2
Status: s-suppressed, x-deleted, S-stale, d-dampened, h-history, *-valid, &gt;-best
Path type: i-internal, e-external, c-confed, l-local, a-aggregate, r-redist, I-injected
Origin codes: i - IGP, e - EGP, ? - incomplete, | - multipath, &amp; - backup

   Network            Next Hop            Metric     LocPrf     Weight Path
*&gt;i10.11.11.11/32     10.1.1.1                 0        100          0 i
*&gt;l10.22.22.22/32     0.0.0.0                           100      32768 i
switch#
[2020-04-27 09:01:20,652] +++ nx-osv-1: executing command 'show vrf all' +++
show vrf all
% Invalid command 'show vrf all'
Valid commands:
 config term
 dir
 sh run | egrep '^vrf|register-policy'
 show bgp ipv4 mvpn route-type 1 vrf all
 show bgp ipv4 mvpn route-type 2 vrf all
 show bgp ipv4 mvpn route-type 3 vrf all
 show bgp ipv4 mvpn route-type 4 vrf all
 show bgp ipv4 mvpn route-type 5 vrf all
 show bgp ipv4 mvpn route-type 6 vrf all
 show bgp ipv4 mvpn route-type 7 vrf all
 show bgp ipv4 mvpn sa-ad detail vrf all
 show bgp l2vpn evpn neighbors
 show bgp l2vpn evpn route-type 1
 show bgp l2vpn evpn route-type 2
 show bgp l2vpn evpn route-type 3
 show bgp l2vpn evpn route-type 4
 show bgp l2vpn evpn summary
 show bgp process vrf all
 show bgp vrf all all
 show bgp vrf all all dampening parameters
 show bgp vrf all all nexthop-database
 show bgp vrf all all summary
 show bgp vrf default all neighbors
 show bgp vrf default all neighbors 10.1.1.1 advertised-routes
 show bgp vrf default all neighbors 10.1.1.1 received-routes
 show bgp vrf default all neighbors 10.1.1.1 routes
 show bgp vrf management all neighbors
 show boot
 show fabric multicast globals
 show fabric multicast ipv4 l2-mroute vni all
 show fabric multicast ipv4 sa-ad-route vrf all
 show feature
 show forwarding distribution multicast route vrf all
 show hsrp all
 show install active
 show interface
 show interface switchport
 show inventory
 show ip arp detail
 show ip arp statistics
 show ip arp summary
 show ip igmp groups vrf all
 show ip igmp interface vrf all
 show ip igmp local-groups vrf all
 show ip igmp snooping
 show ip interface vrf all
 show ip mroute vrf all
 show ip msdp peer vrf all
 show ip msdp sa-cache detail vrf all
 show ip ospf database external detail vrf all
 show ip ospf database network detail vrf all
 show ip ospf database opaque-area detail vrf all
 show ip ospf database router detail vrf all
 show ip ospf database summary detail vrf all
 show ip ospf interface vrf all
 show ip ospf mpls ldp interface vrf all
 show ip ospf neighbors detail vrf all
 show ip ospf sham-links vrf all
 show ip ospf virtual-links vrf all
 show ip ospf vrf all
 show ip pim df vrf all
 show ip pim group-range vrf all
 show ip pim interface vrf all
 show ip pim neighbor vrf all
 show ip pim policy statistics register-policy vrf all
 show ip pim route vrf all
 show ip pim rp vrf all
 show ip pim vrf all detail
 show ip prefix-list
 show ip route vrf all
 show ip static-route
 show ip static-route multicast vrf all
 show ipv6 icmp neighbor detail vrf all
 show ipv6 interface vrf all
 show ipv6 mld groups vrf all
 show ipv6 mld interface vrf all
 show ipv6 mld local-groups vrf all
 show ipv6 mroute vrf all
 show ipv6 nd interface vrf all
 show ipv6 neighbor detail vrf all
 show ipv6 pim df vrf all
 show ipv6 pim group-range vrf all
 show ipv6 pim interface vrf all
 show ipv6 pim neighbor vrf all
 show ipv6 pim route vrf all
 show ipv6 pim rp vrf all
 show ipv6 prefix-list
 show ipv6 route vrf all
 show ipv6 routers vrf all
 show ipv6 static-route
 show ipv6 static-route multicast vrf all
 show l2route evpn ethernet-segment all
 show l2route fl all
 show l2route mac all detail
 show l2route mac-ip all detail
 show l2route summary
 show l2route topology detail
 show module
 show ntp peer-status
 show ntp peers
 show nve ethernet-segment
 show nve multisite dci-links
 show nve multisite fabric-links
 show nve peers
 show nve vni
 show nve vni ingress-replication
 show nve vni summary
 show redundancy status
 show route-map
 show routing ipv6 vrf all
 show routing vrf all
 show running-config
 show running-config nv overlay
 show running-config | inc peer-policy
 show running-config | inc peer-session
 show vdc detail
 show vdc membership status
 show version
 show vlan
 show vlan id 1-3967 vn-segment
 show vrf
 show vrf all detail
 show vrf all interface
 term length 0
 term width 0
 term width 511
 terminal session-timeout 0
switch#
[2020-04-27 09:01:20,731] +++ nx-osv-1: executing command 'show bgp vrf all all summary' +++
show bgp vrf all all summary
BGP summary information for VRF default, address family IPv4 Unicast
BGP router identifier 10.2.2.2, local AS number 65000
BGP table version is 7, IPv4 Unicast config peers 1, capable peers 1
2 network entries and 2 paths using 288 bytes of memory
BGP attribute entries [2/288], BGP AS path entries [0/0]
BGP community entries [0/0], BGP clusterlist entries [0/0]

Neighbor        V    AS MsgRcvd MsgSent   TblVer  InQ OutQ Up/Down  State/PfxRcd
10.1.1.1        4 65000    9588    8711        7    0    0    6d01h 1         

BGP summary information for VRF default, address family IPv6 Unicast
switch#</msg>
<msg timestamp="20200427 09:01:20.818" level="FAIL">Expected '1', but found '0'</msg>
<status status="FAIL" starttime="20200427 09:01:19.838" endtime="20200427 09:01:20.818"></status>
</kw>
<status status="FAIL" starttime="20200427 09:01:19.835" endtime="20200427 09:01:20.819" critical="yes">Expected '1', but found '0'</status>
</test>
<test id="s1-t3" name="Verify the counts of Bgp routes for nx-osv-1&amp;csr1000v-1">
<kw name="verify count &quot;2&quot; &quot;bgp routes&quot; on device &quot;nx-osv-1&quot;" library="genie.libs.robot.GenieRobot">
<doc>Verify that a specific number of &lt;...&gt; is &lt;...&gt; on a device.</doc>
<msg timestamp="20200427 09:01:20.979" level="INFO">Could not learn &lt;class 'genie.libs.parser.nxos.show_bgp.ShowBgpPeerSession'&gt;
Parser Output is empty</msg>
<msg timestamp="20200427 09:01:21.055" level="INFO">Could not learn &lt;class 'genie.libs.parser.nxos.show_bgp.ShowBgpPeerPolicy'&gt;
Parser Output is empty</msg>
<msg timestamp="20200427 09:01:21.129" level="INFO">Could not learn &lt;class 'genie.libs.parser.nxos.show_bgp.ShowBgpVrfAllAllDampeningParameters'&gt;
Parser Output is empty</msg>
<msg timestamp="20200427 09:01:21.445" level="INFO">Could not learn &lt;class 'genie.libs.parser.nxos.show_vrf.ShowVrf'&gt;
Invalid command has been executed</msg>
<msg timestamp="20200427 09:01:21.533" level="INFO">+====================================================================================================================================================+</msg>
<msg timestamp="20200427 09:01:21.533" level="INFO">| Commands for learning feature 'Bgp'                                                                                                                |</msg>
<msg timestamp="20200427 09:01:21.534" level="INFO">+====================================================================================================================================================+</msg>
<msg timestamp="20200427 09:01:21.534" level="INFO">| - Parsed commands                                                                                                                                  |</msg>
<msg timestamp="20200427 09:01:21.534" level="INFO">|----------------------------------------------------------------------------------------------------------------------------------------------------|</msg>
<msg timestamp="20200427 09:01:21.534" level="INFO">|   cmd: &lt;class 'genie.libs.parser.nxos.show_bgp.ShowBgpProcessVrfAll'&gt;, arguments: {'vrf':'all'}                                                    |</msg>
<msg timestamp="20200427 09:01:21.534" level="INFO">|   cmd: &lt;class 'genie.libs.parser.nxos.show_bgp.ShowBgpVrfAllAllNextHopDatabase'&gt;, arguments: {'address_family':'all','vrf':'all'}                  |</msg>
<msg timestamp="20200427 09:01:21.535" level="INFO">|   cmd: &lt;class 'genie.libs.parser.nxos.show_routing.ShowRoutingVrfAll'&gt;, arguments: {'vrf':'all'}                                                   |</msg>
<msg timestamp="20200427 09:01:21.535" level="INFO">|   cmd: &lt;class 'genie.libs.parser.nxos.show_bgp.ShowBgpVrfAllAll'&gt;, arguments: {'address_family':'all','vrf':'all'}                                 |</msg>
<msg timestamp="20200427 09:01:21.535" level="INFO">|   cmd: &lt;class 'genie.libs.parser.nxos.show_bgp.ShowBgpVrfAllAllSummary'&gt;, arguments: {'address_family':'all','vrf':'all'}                          |</msg>
<msg timestamp="20200427 09:01:21.535" level="INFO">|====================================================================================================================================================|</msg>
<msg timestamp="20200427 09:01:21.535" level="INFO">| - Commands not accepted on the device                                                                                                              |</msg>
<msg timestamp="20200427 09:01:21.536" level="INFO">|----------------------------------------------------------------------------------------------------------------------------------------------------|</msg>
<msg timestamp="20200427 09:01:21.536" level="INFO">|   cmd: &lt;class 'genie.libs.parser.nxos.show_vrf.ShowVrf'&gt;, arguments: {'vrf':'all'}                                                                 |</msg>
<msg timestamp="20200427 09:01:21.536" level="INFO">|====================================================================================================================================================|</msg>
<msg timestamp="20200427 09:01:21.536" level="INFO">| - Commands with empty output                                                                                                                       |</msg>
<msg timestamp="20200427 09:01:21.536" level="INFO">|----------------------------------------------------------------------------------------------------------------------------------------------------|</msg>
<msg timestamp="20200427 09:01:21.536" level="INFO">|   cmd: &lt;class 'genie.libs.parser.nxos.show_bgp.ShowBgpPeerSession'&gt;                                                                                |</msg>
<msg timestamp="20200427 09:01:21.537" level="INFO">|   cmd: &lt;class 'genie.libs.parser.nxos.show_bgp.ShowBgpPeerPolicy'&gt;                                                                                 |</msg>
<msg timestamp="20200427 09:01:21.537" level="INFO">|   cmd: &lt;class 'genie.libs.parser.nxos.show_bgp.ShowBgpVrfAllAllDampeningParameters'&gt;, arguments: {'address_family':'all','vrf':'all'}              |</msg>
<msg timestamp="20200427 09:01:21.537" level="INFO">|====================================================================================================================================================|</msg>
<msg timestamp="20200427 09:01:21.554" level="INFO">[2020-04-27 09:01:20,821] +++ nx-osv-1: executing command 'show bgp process vrf all' +++
show bgp process vrf all

BGP Process Information
BGP Process ID                 : 8613
BGP Protocol Started, reason:  : configuration
BGP Protocol Tag               : 65000
BGP Protocol State             : Running
BGP MMODE                      : Not Initialized
BGP Memory State               : OK
BGP asformat                   : asplain

BGP attributes information
Number of attribute entries    : 2
HWM of attribute entries       : 2
Bytes used by entries          : 200
Entries pending delete         : 0
HWM of entries pending delete  : 0
BGP paths per attribute HWM    : 1
BGP AS path entries            : 0
Bytes used by AS path entries  : 0

Information regarding configured VRFs:

BGP Information for VRF default
VRF Id                         : 1
VRF state                      : UP
Router-ID                      : 10.2.2.2
Configured Router-ID           : 10.2.2.2
Confed-ID                      : 0
Cluster-ID                     : 0.0.0.0
No. of configured peers        : 1
No. of pending config peers    : 0
No. of established peers       : 1
VRF RD                         : Not configured

    Information for address family IPv4 Unicast in VRF default
    Table Id                   : 1
    Table state                : UP
    Peers      Active-peers    Routes     Paths      Networks   Aggregates
    1          1               2          2          1          0         

    Redistribution                
        None

    Wait for IGP convergence is not configured


    Nexthop trigger-delay
        critical 3000 ms
        non-critical 10000 ms

    Information for address family IPv6 Unicast in VRF default
    Table Id                   : 80000001
    Table state                : UP
    Peers      Active-peers    Routes     Paths      Networks   Aggregates
    0          0               0          0          0          0         

    Redistribution                
        None

    Wait for IGP convergence is not configured


    Nexthop trigger-delay
        critical 3000 ms
        non-critical 10000 ms
switch#
[2020-04-27 09:01:20,901] +++ nx-osv-1: executing command 'show running-config | inc peer-session' +++
show running-config | inc peer-session
switch#
[2020-04-27 09:01:20,980] +++ nx-osv-1: executing command 'show running-config | inc peer-policy' +++
show running-config | inc peer-policy
switch#
[2020-04-27 09:01:21,056] +++ nx-osv-1: executing command 'show bgp vrf all all dampening parameters' +++
show bgp vrf all all dampening parameters
switch#
[2020-04-27 09:01:21,130] +++ nx-osv-1: executing command 'show bgp vrf all all nexthop-database' +++
show bgp vrf all all nexthop-database

Next Hop table for VRF default, address family IPv4 Unicast:
Next-hop trigger-delay(miliseconds)
  Critical: 3000 Non-critical: 10000
IPv4 Next-hop table

Nexthop: 0.0.0.0, Flags: 0x2, Refcount: 1, IGP cost: 0
IGP Route type: 0, IGP preference: 0
Nexthop is not-attached local unreachable not-labeled
Nexthop last resolved: never, using 0.0.0.0/0
Metric next advertise: Never
RNH epoch: 0

Nexthop: 10.1.1.1, Flags: 0x1, Refcount: 1, IGP cost: 41
IGP Route type: 0, IGP preference: 110
Attached nexthop: 10.0.2.1, Interface: Ethernet2/2
Attached nexthop: 10.0.1.1, Interface: Ethernet2/1
Nexthop is not-attached not-local reachable not-labeled
Nexthop last resolved: 00:01:31, using 10.1.1.1/32
Metric next advertise: Never
RNH epoch: 3
IPv6 Next-hop table

Next Hop table for VRF default, address family IPv6 Unicast:
Next-hop trigger-delay(miliseconds)
  Critical: 3000 Non-critical: 10000
IPv4 Next-hop table
IPv6 Next-hop table
switch#
[2020-04-27 09:01:21,209] +++ nx-osv-1: executing command 'show routing vrf all' +++
show routing vrf all
IP Route Table for VRF "default"
'*' denotes best ucast next-hop
'**' denotes best mcast next-hop
'[x/y]' denotes [preference/metric]
'%&lt;string&gt;' in via output denotes VRF &lt;string&gt;

10.0.1.0/24, ubest/mbest: 1/0, attached
    *via 10.0.1.2, Eth2/1, [0/0], 00:01:41, direct
10.0.1.2/32, ubest/mbest: 1/0, attached
    *via 10.0.1.2, Eth2/1, [0/0], 00:01:41, local
10.0.2.0/24, ubest/mbest: 1/0, attached
    *via 10.0.2.2, Eth2/2, [0/0], 6d01h, direct
10.0.2.2/32, ubest/mbest: 1/0, attached
    *via 10.0.2.2, Eth2/2, [0/0], 6d01h, local
10.1.1.1/32, ubest/mbest: 2/0
    *via 10.0.1.1, Eth2/1, [110/41], 00:01:32, ospf-1, intra
    *via 10.0.2.1, Eth2/2, [110/41], 00:01:32, ospf-1, intra
10.2.2.2/32, ubest/mbest: 2/0, attached
    *via 10.2.2.2, Lo0, [0/0], 6d01h, local
    *via 10.2.2.2, Lo0, [0/0], 6d01h, direct
10.11.11.11/32, ubest/mbest: 1/0
    *via 10.1.1.1, [200/0], 00:01:32, bgp-65000, internal, tag 65000, 
10.22.22.22/32, ubest/mbest: 2/0, attached
    *via 10.22.22.22, Lo1, [0/0], 6d01h, local
    *via 10.22.22.22, Lo1, [0/0], 6d01h, direct
switch#
[2020-04-27 09:01:21,290] +++ nx-osv-1: executing command 'show bgp vrf all all' +++
show bgp vrf all all
BGP routing table information for VRF default, address family IPv4 Unicast
BGP table version is 7, local router ID is 10.2.2.2
Status: s-suppressed, x-deleted, S-stale, d-dampened, h-history, *-valid, &gt;-best
Path type: i-internal, e-external, c-confed, l-local, a-aggregate, r-redist, I-injected
Origin codes: i - IGP, e - EGP, ? - incomplete, | - multipath, &amp; - backup

   Network            Next Hop            Metric     LocPrf     Weight Path
*&gt;i10.11.11.11/32     10.1.1.1                 0        100          0 i
*&gt;l10.22.22.22/32     0.0.0.0                           100      32768 i
switch#
[2020-04-27 09:01:21,369] +++ nx-osv-1: executing command 'show vrf all' +++
show vrf all
% Invalid command 'show vrf all'
Valid commands:
 config term
 dir
 sh run | egrep '^vrf|register-policy'
 show bgp ipv4 mvpn route-type 1 vrf all
 show bgp ipv4 mvpn route-type 2 vrf all
 show bgp ipv4 mvpn route-type 3 vrf all
 show bgp ipv4 mvpn route-type 4 vrf all
 show bgp ipv4 mvpn route-type 5 vrf all
 show bgp ipv4 mvpn route-type 6 vrf all
 show bgp ipv4 mvpn route-type 7 vrf all
 show bgp ipv4 mvpn sa-ad detail vrf all
 show bgp l2vpn evpn neighbors
 show bgp l2vpn evpn route-type 1
 show bgp l2vpn evpn route-type 2
 show bgp l2vpn evpn route-type 3
 show bgp l2vpn evpn route-type 4
 show bgp l2vpn evpn summary
 show bgp process vrf all
 show bgp vrf all all
 show bgp vrf all all dampening parameters
 show bgp vrf all all nexthop-database
 show bgp vrf all all summary
 show bgp vrf default all neighbors
 show bgp vrf default all neighbors 10.1.1.1 advertised-routes
 show bgp vrf default all neighbors 10.1.1.1 received-routes
 show bgp vrf default all neighbors 10.1.1.1 routes
 show bgp vrf management all neighbors
 show boot
 show fabric multicast globals
 show fabric multicast ipv4 l2-mroute vni all
 show fabric multicast ipv4 sa-ad-route vrf all
 show feature
 show forwarding distribution multicast route vrf all
 show hsrp all
 show install active
 show interface
 show interface switchport
 show inventory
 show ip arp detail
 show ip arp statistics
 show ip arp summary
 show ip igmp groups vrf all
 show ip igmp interface vrf all
 show ip igmp local-groups vrf all
 show ip igmp snooping
 show ip interface vrf all
 show ip mroute vrf all
 show ip msdp peer vrf all
 show ip msdp sa-cache detail vrf all
 show ip ospf database external detail vrf all
 show ip ospf database network detail vrf all
 show ip ospf database opaque-area detail vrf all
 show ip ospf database router detail vrf all
 show ip ospf database summary detail vrf all
 show ip ospf interface vrf all
 show ip ospf mpls ldp interface vrf all
 show ip ospf neighbors detail vrf all
 show ip ospf sham-links vrf all
 show ip ospf virtual-links vrf all
 show ip ospf vrf all
 show ip pim df vrf all
 show ip pim group-range vrf all
 show ip pim interface vrf all
 show ip pim neighbor vrf all
 show ip pim policy statistics register-policy vrf all
 show ip pim route vrf all
 show ip pim rp vrf all
 show ip pim vrf all detail
 show ip prefix-list
 show ip route vrf all
 show ip static-route
 show ip static-route multicast vrf all
 show ipv6 icmp neighbor detail vrf all
 show ipv6 interface vrf all
 show ipv6 mld groups vrf all
 show ipv6 mld interface vrf all
 show ipv6 mld local-groups vrf all
 show ipv6 mroute vrf all
 show ipv6 nd interface vrf all
 show ipv6 neighbor detail vrf all
 show ipv6 pim df vrf all
 show ipv6 pim group-range vrf all
 show ipv6 pim interface vrf all
 show ipv6 pim neighbor vrf all
 show ipv6 pim route vrf all
 show ipv6 pim rp vrf all
 show ipv6 prefix-list
 show ipv6 route vrf all
 show ipv6 routers vrf all
 show ipv6 static-route
 show ipv6 static-route multicast vrf all
 show l2route evpn ethernet-segment all
 show l2route fl all
 show l2route mac all detail
 show l2route mac-ip all detail
 show l2route summary
 show l2route topology detail
 show module
 show ntp peer-status
 show ntp peers
 show nve ethernet-segment
 show nve multisite dci-links
 show nve multisite fabric-links
 show nve peers
 show nve vni
 show nve vni ingress-replication
 show nve vni summary
 show redundancy status
 show route-map
 show routing ipv6 vrf all
 show routing vrf all
 show running-config
 show running-config nv overlay
 show running-config | inc peer-policy
 show running-config | inc peer-session
 show vdc detail
 show vdc membership status
 show version
 show vlan
 show vlan id 1-3967 vn-segment
 show vrf
 show vrf all detail
 show vrf all interface
 term length 0
 term width 0
 term width 511
 terminal session-timeout 0
switch#
[2020-04-27 09:01:21,455] +++ nx-osv-1: executing command 'show bgp vrf all all summary' +++
show bgp vrf all all summary
BGP summary information for VRF default, address family IPv4 Unicast
BGP router identifier 10.2.2.2, local AS number 65000
BGP table version is 7, IPv4 Unicast config peers 1, capable peers 1
2 network entries and 2 paths using 288 bytes of memory
BGP attribute entries [2/288], BGP AS path entries [0/0]
BGP community entries [0/0], BGP clusterlist entries [0/0]

Neighbor        V    AS MsgRcvd MsgSent   TblVer  InQ OutQ Up/Down  State/PfxRcd
10.1.1.1        4 65000    9588    8711        7    0    0    6d01h 1         

BGP summary information for VRF default, address family IPv6 Unicast
switch#</msg>
<status status="PASS" starttime="20200427 09:01:20.819" endtime="20200427 09:01:21.555"></status>
</kw>
<kw name="verify count &quot;2&quot; &quot;bgp routes&quot; on device &quot;csr1000v-1&quot;" library="genie.libs.robot.GenieRobot">
<doc>Verify that a specific number of &lt;...&gt; is &lt;...&gt; on a device.</doc>
<msg timestamp="20200427 09:01:24.299" level="INFO">Could not learn &lt;class 'genie.libs.parser.iosxe.show_bgp.ShowIpBgpTemplatePeerSession'&gt;
Invalid command has been executed</msg>
<msg timestamp="20200427 09:01:24.425" level="INFO">Could not learn &lt;class 'genie.libs.parser.iosxe.show_bgp.ShowIpBgpTemplatePeerPolicy'&gt;
Invalid command has been executed</msg>
<msg timestamp="20200427 09:01:24.811" level="INFO">Could not learn &lt;class 'genie.libs.parser.iosxe.show_bgp.ShowIpBgpAllDampeningParameters'&gt;
Parser Output is empty</msg>
<msg timestamp="20200427 09:01:25.665" level="INFO">Could not learn &lt;class 'genie.libs.parser.iosxe.show_bgp.ShowBgpAllNeighborsPolicy'&gt;
Parser Output is empty</msg>
<msg timestamp="20200427 09:01:27.190" level="INFO">Could not learn &lt;class 'genie.libs.parser.iosxe.show_bgp.ShowBgpAllNeighborsReceivedRoutes'&gt;
Parser Output is empty</msg>
<msg timestamp="20200427 09:01:27.192" level="INFO">+====================================================================================================================================================+</msg>
<msg timestamp="20200427 09:01:27.192" level="INFO">| Commands for learning feature 'Bgp'                                                                                                                |</msg>
<msg timestamp="20200427 09:01:27.192" level="INFO">+====================================================================================================================================================+</msg>
<msg timestamp="20200427 09:01:27.193" level="INFO">| - Parsed commands                                                                                                                                  |</msg>
<msg timestamp="20200427 09:01:27.193" level="INFO">|----------------------------------------------------------------------------------------------------------------------------------------------------|</msg>
<msg timestamp="20200427 09:01:27.193" level="INFO">|   cmd: &lt;class 'genie.libs.parser.iosxe.show_bgp.ShowBgpAllSummary'&gt;, arguments: {'address_family':'','vrf':''}                                     |</msg>
<msg timestamp="20200427 09:01:27.193" level="INFO">|   cmd: &lt;class 'genie.libs.parser.iosxe.show_bgp.ShowBgpAllClusterIds'&gt;                                                                             |</msg>
<msg timestamp="20200427 09:01:27.193" level="INFO">|   cmd: &lt;class 'genie.libs.parser.iosxe.show_bgp.ShowBgpAllNeighbors'&gt;, arguments: {'address_family':'','neighbor':''}                              |</msg>
<msg timestamp="20200427 09:01:27.194" level="INFO">|   cmd: &lt;class 'genie.libs.parser.iosxe.show_bgp.ShowBgpAll'&gt;, arguments: {'address_family':''}                                                     |</msg>
<msg timestamp="20200427 09:01:27.194" level="INFO">|   cmd: &lt;class 'genie.libs.parser.iosxe.show_bgp.ShowBgpAllDetail'&gt;, arguments: {'address_family':'','vrf':''}                                      |</msg>
<msg timestamp="20200427 09:01:27.194" level="INFO">|   cmd: &lt;class 'genie.libs.parser.iosxe.show_bgp.ShowBgpAllNeighborsAdvertisedRoutes'&gt;, arguments: {'address_family':'','neighbor':'10.2.2.2'}      |</msg>
<msg timestamp="20200427 09:01:27.194" level="INFO">|   cmd: &lt;class 'genie.libs.parser.iosxe.show_bgp.ShowBgpAllNeighborsRoutes'&gt;, arguments: {'address_family':'','neighbor':'10.2.2.2'}                |</msg>
<msg timestamp="20200427 09:01:27.194" level="INFO">|====================================================================================================================================================|</msg>
<msg timestamp="20200427 09:01:27.194" level="INFO">| - Commands not accepted on the device                                                                                                              |</msg>
<msg timestamp="20200427 09:01:27.194" level="INFO">|----------------------------------------------------------------------------------------------------------------------------------------------------|</msg>
<msg timestamp="20200427 09:01:27.194" level="INFO">|   cmd: &lt;class 'genie.libs.parser.iosxe.show_bgp.ShowIpBgpTemplatePeerSession'&gt;                                                                     |</msg>
<msg timestamp="20200427 09:01:27.194" level="INFO">|   cmd: &lt;class 'genie.libs.parser.iosxe.show_bgp.ShowIpBgpTemplatePeerPolicy'&gt;                                                                      |</msg>
<msg timestamp="20200427 09:01:27.194" level="INFO">|====================================================================================================================================================|</msg>
<msg timestamp="20200427 09:01:27.195" level="INFO">| - Commands with empty output                                                                                                                       |</msg>
<msg timestamp="20200427 09:01:27.195" level="INFO">|----------------------------------------------------------------------------------------------------------------------------------------------------|</msg>
<msg timestamp="20200427 09:01:27.195" level="INFO">|   cmd: &lt;class 'genie.libs.parser.iosxe.show_bgp.ShowIpBgpAllDampeningParameters'&gt;                                                                  |</msg>
<msg timestamp="20200427 09:01:27.195" level="INFO">|   cmd: &lt;class 'genie.libs.parser.iosxe.show_bgp.ShowBgpAllNeighborsPolicy'&gt;, arguments: {'neighbor':'10.2.2.2'}                                    |</msg>
<msg timestamp="20200427 09:01:27.195" level="INFO">|   cmd: &lt;class 'genie.libs.parser.iosxe.show_bgp.ShowBgpAllNeighborsReceivedRoutes'&gt;, arguments: {'address_family':'','neighbor':'10.2.2.2'}        |</msg>
<msg timestamp="20200427 09:01:27.195" level="INFO">|====================================================================================================================================================|</msg>
<msg timestamp="20200427 09:01:27.197" level="INFO">[2020-04-27 09:01:24,012] +++ csr1000v-1: executing command 'show bgp all summary' +++
show bgp all summary
For address family: IPv4 Unicast
BGP router identifier 10.1.1.1, local AS number 65000
BGP table version is 3, main routing table version 3
2 network entries using 496 bytes of memory
2 path entries using 272 bytes of memory
2/2 BGP path/bestpath attribute entries using 560 bytes of memory
0 BGP route-map cache entries using 0 bytes of memory
0 BGP filter-list cache entries using 0 bytes of memory
BGP using 1328 total bytes of memory
BGP activity 3/1 prefixes, 3/1 paths, scan interval 60 secs

Neighbor        V           AS MsgRcvd MsgSent   TblVer  InQ OutQ Up/Down  State/PfxRcd
10.2.2.2        4        65000    8711    9588        3    0    0 6d01h           1
switch#
[2020-04-27 09:01:24,174] +++ csr1000v-1: executing command 'show ip bgp template peer-session' +++
show ip bgp template peer-session
% Invalid command 'show ip bgp template peer-session'
Valid commands:
 config term
 dir
 show access-lists
 show arp
 show bgp all
 show bgp all cluster-ids
 show bgp all detail
 show bgp all neighbors
 show bgp all neighbors 10.2.2.2 advertised-routes
 show bgp all neighbors 10.2.2.2 policy
 show bgp all neighbors 10.2.2.2 received-routes
 show bgp all neighbors 10.2.2.2 routes
 show bgp all neighbors | i BGP neighbor
 show bgp all summary
 show errdisable recovery
 show etherchannel summary
 show interfaces
 show interfaces accounting
 show inventory
 show ip arp summary
 show ip bgp all dampening parameters
 show ip bgp template peer-policy 
 show ip bgp template peer-session 
 show ip igmp groups detail
 show ip igmp interface
 show ip interface
 show ip mroute
 show ip mroute static
 show ip multicast
 show ip ospf
 show ip ospf database external
 show ip ospf database network
 show ip ospf database opaque-area
 show ip ospf database router
 show ip ospf database summary
 show ip ospf interface
 show ip ospf interface | section GigabitEthernet2
 show ip ospf interface | section GigabitEthernet3
 show ip ospf mpls ldp interface
 show ip ospf mpls traffic-eng link
 show ip ospf neighbor detail
 show ip ospf sham-links
 show ip ospf virtual-links
 show ip pim bsr-router
 show ip pim interface
 show ip pim interface detail
 show ip pim interface df
 show ip pim neighbor
 show ip pim rp mapping
 show ip prefix-list detail
 show ip protocols
 show ip route
 show ip static route
 show ip traffic
 show ipv6 interface
 show ipv6 mroute
 show ipv6 pim bsr candidate-rp
 show ipv6 pim bsr election
 show ipv6 pim interface
 show ipv6 pim neighbor
 show ipv6 prefix-list detail
 show ipv6 route updated
 show ipv6 static detail
 show issu rollback-timer
 show issu state detail
 show lacp counters
 show lacp neighbor
 show lacp sys-id
 show lisp all service ethernet
 show lisp all service ethernet summary
 show lisp all service ipv4
 show lisp all service ipv4 summary
 show lisp all service ipv6
 show lisp all service ipv6 summary
 show lldp
 show lldp interface
 show lldp neighbors detail
 show lldp traffic
 show mac address-table
 show mac address-table aging-time
 show mac address-table learning
 show ntp associations
 show ntp config
 show ntp status
 show pagp  counters
 show pagp internal
 show pagp neighbor
 show platform
 show redundancy
 show route-map all
 show running-config
 show running-config | section router ospf 1
 show spanning-tree
 show spanning-tree detail
 show spanning-tree mst configuration
 show spanning-tree mst detail
 show spanning-tree summary
 show standby all
 show standby delay
 show version
 show vlan
 show vrf detail
 show vrf detail | inc \(VRF
 term length 0
 term width 0
 term width 511
 terminal session-timeout 0
switch#
[2020-04-27 09:01:24,300] +++ csr1000v-1: executing command 'show ip bgp template peer-policy' +++
show ip bgp template peer-policy
% Invalid command 'show ip bgp template peer-policy'
Valid commands:
 config term
 dir
 show access-lists
 show arp
 show bgp all
 show bgp all cluster-ids
 show bgp all detail
 show bgp all neighbors
 show bgp all neighbors 10.2.2.2 advertised-routes
 show bgp all neighbors 10.2.2.2 policy
 show bgp all neighbors 10.2.2.2 received-routes
 show bgp all neighbors 10.2.2.2 routes
 show bgp all neighbors | i BGP neighbor
 show bgp all summary
 show errdisable recovery
 show etherchannel summary
 show interfaces
 show interfaces accounting
 show inventory
 show ip arp summary
 show ip bgp all dampening parameters
 show ip bgp template peer-policy 
 show ip bgp template peer-session 
 show ip igmp groups detail
 show ip igmp interface
 show ip interface
 show ip mroute
 show ip mroute static
 show ip multicast
 show ip ospf
 show ip ospf database external
 show ip ospf database network
 show ip ospf database opaque-area
 show ip ospf database router
 show ip ospf database summary
 show ip ospf interface
 show ip ospf interface | section GigabitEthernet2
 show ip ospf interface | section GigabitEthernet3
 show ip ospf mpls ldp interface
 show ip ospf mpls traffic-eng link
 show ip ospf neighbor detail
 show ip ospf sham-links
 show ip ospf virtual-links
 show ip pim bsr-router
 show ip pim interface
 show ip pim interface detail
 show ip pim interface df
 show ip pim neighbor
 show ip pim rp mapping
 show ip prefix-list detail
 show ip protocols
 show ip route
 show ip static route
 show ip traffic
 show ipv6 interface
 show ipv6 mroute
 show ipv6 pim bsr candidate-rp
 show ipv6 pim bsr election
 show ipv6 pim interface
 show ipv6 pim neighbor
 show ipv6 prefix-list detail
 show ipv6 route updated
 show ipv6 static detail
 show issu rollback-timer
 show issu state detail
 show lacp counters
 show lacp neighbor
 show lacp sys-id
 show lisp all service ethernet
 show lisp all service ethernet summary
 show lisp all service ipv4
 show lisp all service ipv4 summary
 show lisp all service ipv6
 show lisp all service ipv6 summary
 show lldp
 show lldp interface
 show lldp neighbors detail
 show lldp traffic
 show mac address-table
 show mac address-table aging-time
 show mac address-table learning
 show ntp associations
 show ntp config
 show ntp status
 show pagp  counters
 show pagp internal
 show pagp neighbor
 show platform
 show redundancy
 show route-map all
 show running-config
 show running-config | section router ospf 1
 show spanning-tree
 show spanning-tree detail
 show spanning-tree mst configuration
 show spanning-tree mst detail
 show spanning-tree summary
 show standby all
 show standby delay
 show version
 show vlan
 show vrf detail
 show vrf detail | inc \(VRF
 term length 0
 term width 0
 term width 511
 terminal session-timeout 0
switch#
[2020-04-27 09:01:24,426] +++ csr1000v-1: executing command 'show vrf detail | inc \(VRF' +++
show vrf detail | inc \(VRF
switch#
[2020-04-27 09:01:24,555] +++ csr1000v-1: executing command 'show bgp all cluster-ids' +++
show bgp all cluster-ids
Global cluster-id: 10.1.1.1 (configured: 0.0.0.0)
BGP client-to-client reflection:         Configured    Used
  all (inter-cluster and intra-cluster): ENABLED
  intra-cluster:                         ENABLED       ENABLED

List of cluster-ids:
Cluster-id     #-neighbors C2C-rfl-CFG C2C-rfl-USE
switch#
[2020-04-27 09:01:24,682] +++ csr1000v-1: executing command 'show ip bgp all dampening parameters' +++
show ip bgp all dampening parameters
For address family: IPv4 Unicast

% dampening not enabled for base

For address family: IPv6 Unicast

% dampening not enabled for base

For address family: IPv4 Multicast

% dampening not enabled for base

For address family: L2VPN E-VPN

% dampening not enabled for base

For address family: MVPNv4 Unicast

% dampening not enabled for base

For address family: MVPNv6 Unicast

% dampening not enabled for base
switch#
[2020-04-27 09:01:24,811] +++ csr1000v-1: executing command 'show bgp all neighbors' +++
show bgp all neighbors
For address family: IPv4 Unicast
BGP neighbor is 10.2.2.2,  remote AS 65000, internal link
  BGP version 4, remote router ID 10.2.2.2
  BGP state = Established, up for 6d01h
  Last read 00:00:26, last write 00:00:17, hold time is 180, keepalive interval is 60 seconds
  Neighbor sessions:
    1 active, is not multisession capable (disabled)
  Neighbor capabilities:
    Route refresh: advertised and received(new)
    Four-octets ASN Capability: advertised and received
    Address family IPv4 Unicast: advertised and received
    Graceful Restart Capability: received
      Remote Restart timer is 120 seconds
      Address families advertised by peer:
        IPv4 Unicast (was not preserved
    Enhanced Refresh Capability: advertised
    Multisession Capability: 
    Stateful switchover support enabled: NO for session 1
  Message statistics:
    InQ depth is 0
    OutQ depth is 0
    
                         Sent       Rcvd
    Opens:                  1          1
    Notifications:          0          0
    Updates:                2          2
    Keepalives:          9585       8708
    Route Refresh:          0          0
    Total:               9588       8711
  Do log neighbor state changes (via global configuration)
  Default minimum time between advertisement runs is 0 seconds

  Address tracking is enabled, the RIB does have a route to 10.2.2.2
  Route to peer address reachability Up: 3; Down: 0
    Last notification 6d01h
  Connections established 1; dropped 0
  Last reset never
  Interface associated: (none) (peering address NOT in same link)
  Transport(tcp) path-mtu-discovery is enabled
  Graceful-Restart is disabled
  SSO is disabled
Connection state is ESTAB, I/O status: 1, unread input bytes: 0            
Connection is ECN Disabled, Mininum incoming TTL 0, Outgoing TTL 255
Local host: 10.1.1.1, Local port: 24407
Foreign host: 10.2.2.2, Foreign port: 179
Connection tableid (VRF): 0
Maximum output segment queue size: 50

Enqueued packets for retransmit: 0, input: 0  mis-ordered: 0 (0 bytes)

Event Timers (current time is 0x1F27679C):
Timer          Starts    Wakeups            Next
Retrans          9586          0             0x0
TimeWait            0          0             0x0
AckHold          8710       8381             0x0
SendWnd             0          0             0x0
KeepAlive           0          0             0x0
GiveUp              0          0             0x0
PmtuAger            1          1             0x0
DeadWait            0          0             0x0
Linger              0          0             0x0
ProcessQ            0          0             0x0

iss: 1875399253  snduna: 1875581505  sndnxt: 1875581505
irs:  378457686  rcvnxt:  378623281

sndwnd:  16616  scale:      0  maxrcvwnd:  16384
rcvwnd:  16080  scale:      0  delrcvwnd:    304

SRTT: 1000 ms, RTTO: 1003 ms, RTV: 3 ms, KRTT: 0 ms
minRTT: 8 ms, maxRTT: 1000 ms, ACK hold: 200 ms
uptime: 522489923 ms, Sent idletime: 17617 ms, Receive idletime: 17505 ms 
Status Flags: active open
Option Flags: nagle, path mtu capable
IP Precedence value : 6

Datagrams (max data segment is 536 bytes):
Rcvd: 18280 (out of order: 0), with data: 8709, total data bytes: 165594
Sent: 18270 (retransmit: 0, fastretransmit: 0, partialack: 0, Second Congestion: 0), with data: 9587, total data bytes: 182251

 Packets received in fast path: 0, fast processed: 0, slow path: 0
 fast lock acquisition failures: 0, slow path: 0
TCP Semaphore      0x7F15C3ABF418  FREE 


For address family: IPv6 Unicast

For address family: IPv4 Multicast

For address family: L2VPN E-VPN

For address family: MVPNv4 Unicast

For address family: MVPNv6 Unicast
switch#
[2020-04-27 09:01:25,522] +++ csr1000v-1: executing command 'show bgp all neighbors 10.2.2.2 policy' +++
show bgp all neighbors 10.2.2.2 policy
 Neighbor: 10.2.2.2, Address-Family: IPv4 Unicast
switch#
[2020-04-27 09:01:25,665] +++ csr1000v-1: executing command 'show bgp all' +++
show bgp all
For address family: IPv4 Unicast

BGP table version is 3, local router ID is 10.1.1.1
Status codes: s suppressed, d damped, h history, * valid, &gt; best, i - internal, 
              r RIB-failure, S Stale, m multipath, b backup-path, f RT-Filter, 
              x best-external, a additional-path, c RIB-compressed, 
              t secondary path, L long-lived-stale,
Origin codes: i - IGP, e - EGP, ? - incomplete
RPKI validation codes: V valid, I invalid, N Not found

     Network          Next Hop            Metric LocPrf Weight Path
 *&gt;   10.11.11.11/32   0.0.0.0                  0         32768 i
 *&gt;i  10.22.22.22/32   10.2.2.2                      100      0 i

For address family: IPv6 Unicast


For address family: IPv4 Multicast


For address family: L2VPN E-VPN


For address family: MVPNv4 Unicast


For address family: MVPNv6 Unicast
switch#
[2020-04-27 09:01:25,806] +++ csr1000v-1: executing command 'show bgp all detail' +++
show bgp all detail
For address family: IPv4 Unicast

BGP routing table entry for 10.11.11.11/32, version 2
  Paths: (1 available, best #1, table default)
  Advertised to update-groups:
     1         
  Refresh Epoch 1
  Local
    0.0.0.0 from 0.0.0.0 (10.1.1.1)
      Origin IGP, metric 0, localpref 100, weight 32768, valid, sourced, local, best
      rx pathid: 0, tx pathid: 0x0
BGP routing table entry for 10.22.22.22/32, version 3
  Paths: (1 available, best #1, table default)
  Not advertised to any peer
  Refresh Epoch 1
  Local
    10.2.2.2 (metric 2) from 10.2.2.2 (10.2.2.2)
      Origin IGP, localpref 100, valid, internal, best
      rx pathid: 0, tx pathid: 0x0

For address family: IPv6 Unicast


For address family: IPv4 Multicast


For address family: L2VPN E-VPN


For address family: MVPNv4 Unicast


For address family: MVPNv6 Unicast
switch#
[2020-04-27 09:01:26,356] +++ csr1000v-1: executing command 'show bgp all neighbors 10.2.2.2 advertised-routes' +++
show bgp all neighbors 10.2.2.2 advertised-routes
For address family: IPv4 Unicast
BGP table version is 3, local router ID is 10.1.1.1
Status codes: s suppressed, d damped, h history, * valid, &gt; best, i - internal, 
              r RIB-failure, S Stale, m multipath, b backup-path, f RT-Filter, 
              x best-external, a additional-path, c RIB-compressed, 
              t secondary path, L long-lived-stale,
Origin codes: i - IGP, e - EGP, ? - incomplete
RPKI validation codes: V valid, I invalid, N Not found

     Network          Next Hop            Metric LocPrf Weight Path
 *&gt;   10.11.11.11/32   0.0.0.0                  0         32768 i

Total number of prefixes 1
switch#
[2020-04-27 09:01:26,510] +++ csr1000v-1: executing command 'show bgp all neighbors | i BGP neighbor' +++
show bgp all neighbors | i BGP neighbor
BGP neighbor is 10.2.2.2,  remote AS 65000, internal link
switch#
[2020-04-27 09:01:26,656] +++ csr1000v-1: executing command 'show bgp all neighbors 10.2.2.2 routes' +++
show bgp all neighbors 10.2.2.2 routes
For address family: IPv4 Unicast
BGP table version is 3, local router ID is 10.1.1.1
Status codes: s suppressed, d damped, h history, * valid, &gt; best, i - internal, 
              r RIB-failure, S Stale, m multipath, b backup-path, f RT-Filter, 
              x best-external, a additional-path, c RIB-compressed, 
              t secondary path, L long-lived-stale,
Origin codes: i - IGP, e - EGP, ? - incomplete
RPKI validation codes: V valid, I invalid, N Not found

     Network          Next Hop            Metric LocPrf Weight Path
 *&gt;i  10.22.22.22/32   10.2.2.2                      100      0 i

Total number of prefixes 1
switch#
[2020-04-27 09:01:26,785] +++ csr1000v-1: executing command 'show bgp all neighbors | i BGP neighbor' +++
show bgp all neighbors | i BGP neighbor
BGP neighbor is 10.2.2.2,  remote AS 65000, internal link
switch#
[2020-04-27 09:01:26,927] +++ csr1000v-1: executing command 'show bgp all neighbors 10.2.2.2 received-routes' +++
show bgp all neighbors 10.2.2.2 received-routes
For address family: IPv4 Unicast
% Inbound soft reconfiguration not enabled on 10.2.2.2
switch#
[2020-04-27 09:01:27,059] +++ csr1000v-1: executing command 'show bgp all neighbors | i BGP neighbor' +++
show bgp all neighbors | i BGP neighbor
BGP neighbor is 10.2.2.2,  remote AS 65000, internal link
switch#</msg>
<status status="PASS" starttime="20200427 09:01:21.555" endtime="20200427 09:01:27.197"></status>
</kw>
<tags>
<tag>noncritical</tag>
</tags>
<status status="PASS" starttime="20200427 09:01:20.819" endtime="20200427 09:01:27.198" critical="yes"></status>
</test>
<test id="s1-t4" name="Verify the counts of Ospf 'full' neighbors for nx-osv-1&amp;csr1000v-1">
<kw name="verify count &quot;1&quot; &quot;ospf neighbors&quot; on device &quot;nx-osv-1&quot;" library="genie.libs.robot.GenieRobot">
<doc>Verify that a specific number of &lt;...&gt; is &lt;...&gt; on a device.</doc>
<msg timestamp="20200427 09:01:27.966" level="INFO">Could not learn &lt;class 'genie.libs.parser.nxos.show_ospf.ShowIpOspfVirtualLinks'&gt;
Parser Output is empty</msg>
<msg timestamp="20200427 09:01:28.215" level="INFO">Could not learn &lt;class 'genie.libs.parser.nxos.show_ospf.ShowIpOspfShamLinks'&gt;
Invalid command has been executed</msg>
<msg timestamp="20200427 09:01:28.217" level="INFO">+====================================================================================================================================================+</msg>
<msg timestamp="20200427 09:01:28.217" level="INFO">| Commands for learning feature 'Ospf'                                                                                                               |</msg>
<msg timestamp="20200427 09:01:28.217" level="INFO">+====================================================================================================================================================+</msg>
<msg timestamp="20200427 09:01:28.218" level="INFO">| - Parsed commands                                                                                                                                  |</msg>
<msg timestamp="20200427 09:01:28.218" level="INFO">|----------------------------------------------------------------------------------------------------------------------------------------------------|</msg>
<msg timestamp="20200427 09:01:28.218" level="INFO">|   cmd: &lt;class 'genie.libs.parser.nxos.show_feature.ShowFeature'&gt;                                                                                   |</msg>
<msg timestamp="20200427 09:01:28.218" level="INFO">|   cmd: &lt;class 'genie.libs.parser.nxos.show_ospf.ShowIpOspf'&gt;, arguments: {'vrf':'all'}                                                             |</msg>
<msg timestamp="20200427 09:01:28.218" level="INFO">|   cmd: &lt;class 'genie.libs.parser.nxos.show_ospf.ShowIpOspfMplsLdpInterface'&gt;, arguments: {'interface':'','vrf':'all'}                              |</msg>
<msg timestamp="20200427 09:01:28.219" level="INFO">|   cmd: &lt;class 'genie.libs.parser.nxos.show_ospf.ShowIpOspfDatabaseRouterDetail'&gt;, arguments: {'vrf':'all'}                                         |</msg>
<msg timestamp="20200427 09:01:28.219" level="INFO">|   cmd: &lt;class 'genie.libs.parser.nxos.show_ospf.ShowIpOspfDatabaseNetworkDetail'&gt;, arguments: {'vrf':'all'}                                        |</msg>
<msg timestamp="20200427 09:01:28.219" level="INFO">|   cmd: &lt;class 'genie.libs.parser.nxos.show_ospf.ShowIpOspfDatabaseSummaryDetail'&gt;, arguments: {'vrf':'all'}                                        |</msg>
<msg timestamp="20200427 09:01:28.219" level="INFO">|   cmd: &lt;class 'genie.libs.parser.nxos.show_ospf.ShowIpOspfDatabaseExternalDetail'&gt;, arguments: {'vrf':'all'}                                       |</msg>
<msg timestamp="20200427 09:01:28.219" level="INFO">|   cmd: &lt;class 'genie.libs.parser.nxos.show_ospf.ShowIpOspfDatabaseOpaqueAreaDetail'&gt;, arguments: {'vrf':'all'}                                     |</msg>
<msg timestamp="20200427 09:01:28.219" level="INFO">|   cmd: &lt;class 'genie.libs.parser.nxos.show_ospf.ShowIpOspfInterface'&gt;, arguments: {'interface':'','vrf':'all'}                                     |</msg>
<msg timestamp="20200427 09:01:28.220" level="INFO">|   cmd: &lt;class 'genie.libs.parser.nxos.show_ospf.ShowIpOspfNeighborDetail'&gt;, arguments: {'neighbor':'','vrf':'all'}                                 |</msg>
<msg timestamp="20200427 09:01:28.220" level="INFO">|====================================================================================================================================================|</msg>
<msg timestamp="20200427 09:01:28.220" level="INFO">| - Commands not accepted on the device                                                                                                              |</msg>
<msg timestamp="20200427 09:01:28.220" level="INFO">|----------------------------------------------------------------------------------------------------------------------------------------------------|</msg>
<msg timestamp="20200427 09:01:28.220" level="INFO">|   cmd: &lt;class 'genie.libs.parser.nxos.show_ospf.ShowIpOspfShamLinks'&gt;, arguments: {'vrf':'all'}                                                    |</msg>
<msg timestamp="20200427 09:01:28.221" level="INFO">|====================================================================================================================================================|</msg>
<msg timestamp="20200427 09:01:28.221" level="INFO">| - Commands with empty output                                                                                                                       |</msg>
<msg timestamp="20200427 09:01:28.221" level="INFO">|----------------------------------------------------------------------------------------------------------------------------------------------------|</msg>
<msg timestamp="20200427 09:01:28.221" level="INFO">|   cmd: &lt;class 'genie.libs.parser.nxos.show_ospf.ShowIpOspfVirtualLinks'&gt;, arguments: {'vrf':'all'}                                                 |</msg>
<msg timestamp="20200427 09:01:28.221" level="INFO">|====================================================================================================================================================|</msg>
<msg timestamp="20200427 09:01:28.313" level="INFO">[2020-04-27 09:01:27,214] +++ nx-osv-1: executing command 'show feature' +++
show feature
Feature Name         Instance State 
-------------------- -------- -----
bfd                  1        disabled
bfd_app              1        disabled
bgp                  1        enabled
bulkstat             1        disabled
cable-management     1        disabled
cts                  1        disabled
dhcp                 1        disabled
dot1x                1        disabled
eigrp                1        disabled
eigrp                2        disabled
eigrp                3        disabled
eigrp                4        disabled
eigrp                5        disabled
eigrp                6        disabled
eigrp                7        disabled
eigrp                8        disabled
eigrp                9        disabled
eigrp                10       disabled
eigrp                11       disabled
eigrp                12       disabled
eigrp                13       disabled
eigrp                14       disabled
eigrp                15       disabled
eigrp                16       disabled
elo                  1        disabled
eth_port_sec         1        disabled
evb                  1        disabled
evc                  1        disabled
evmed                1        disabled
fabric-access        1        disabled
fabric_mcast         1        disabled
glbp                 1        disabled
hmm                  1        disabled
hsrp_engine          1        disabled
imp                  1        disabled
interface-vlan       1        disabled
isis                 1        disabled
isis                 2        disabled
isis                 3        disabled
isis                 4        disabled
isis                 5        disabled
isis                 6        disabled
isis                 7        disabled
isis                 8        disabled
isis                 9        disabled
isis                 10       disabled
isis                 11       disabled
isis                 12       disabled
isis                 13       disabled
isis                 14       disabled
isis                 15       disabled
isis                 16       disabled
itd                  1        disabled
l2vpn                1        disabled
l3vpn                1        disabled
ldap                 1        disabled
ldp                  1        disabled
lisp                 1        disabled
lldp                 1        disabled
mpls_te              1        disabled
msdp                 1        disabled
msrp                 1        disabled
mvpn                 1        disabled
mvrp                 1        disabled
netflow              1        disabled
ngoam                1        disabled
nve                  1        disabled
nxapi                1        disabled
onep                 1        disabled
ospf                 1        enabled
ospf                 2        enabled (not-running)
ospf                 3        enabled (not-running)
ospf                 4        enabled (not-running)
ospf                 5        enabled (not-running)
ospf                 6        enabled (not-running)
ospf                 7        enabled (not-running)
ospf                 8        enabled (not-running)
ospf                 9        enabled (not-running)
ospf                 10       enabled (not-running)
ospf                 11       enabled (not-running)
ospf                 12       enabled (not-running)
ospf                 13       enabled (not-running)
ospf                 14       enabled (not-running)
ospf                 15       enabled (not-running)
ospf                 16       enabled (not-running)
ospfv3               1        disabled
ospfv3               2        disabled
ospfv3               3        disabled
ospfv3               4        disabled
ospfv3               5        disabled
ospfv3               6        disabled
ospfv3               7        disabled
ospfv3               8        disabled
ospfv3               9        disabled
ospfv3               10       disabled
ospfv3               11       disabled
ospfv3               12       disabled
ospfv3               13       disabled
ospfv3               14       disabled
ospfv3               15       disabled
ospfv3               16       disabled
otv                  1        disabled
pbr                  1        disabled
pim                  1        disabled
pim6                 1        disabled
pong                 1        disabled
private-vlan         1        disabled
privilege            1        disabled
ptp                  1        disabled
rip                  1        disabled
rip                  2        disabled
rip                  3        disabled
rip                  4        disabled
rise                 1        disabled
scheduler            1        disabled
scpServer            1        disabled
sftpServer           1        disabled
sla_responder        1        disabled
sla_sender           1        disabled
smart-channel        1        disabled
sshServer            1        enabled
tacacs               1        disabled
telnetServer         1        disabled
tunnel               1        disabled
vmtracker            1        disabled
vni                  1        disabled
vnseg_vlan           1        disabled
vpc                  1        disabled
vrrp                 1        disabled
vrrpv3               1        disabled
vtp                  1        disabled
wccp                 1        disabled
switch#
[2020-04-27 09:01:27,299] +++ nx-osv-1: executing command 'show ip ospf vrf all' +++
show ip ospf vrf all

 Routing Process 1 with ID 10.2.2.2 VRF default
 Routing Process Instance Number 1
 Stateful High Availability enabled
 Graceful-restart is configured
   Grace period: 60 state: Inactive 
   Last graceful restart exit status: None
 Supports only single TOS(TOS0) routes
 Supports opaque LSA
 Administrative distance 110
 Reference Bandwidth is 40000 Mbps
 SPF throttling delay time of 200.000 msecs,
   SPF throttling hold time of 1000.000 msecs, 
   SPF throttling maximum wait time of 5000.000 msecs
 LSA throttling start time of 0.000 msecs,
   LSA throttling hold interval of 5000.000 msecs, 
   LSA throttling maximum wait time of 5000.000 msecs
 Minimum LSA arrival 1000.000 msec
 LSA group pacing timer 10 secs
 Maximum paths to destination 8
 Number of external LSAs 0, checksum sum 0
 Number of opaque AS LSAs 0, checksum sum 0
 Number of areas is 1, 1 normal, 0 stub, 0 nssa
 Number of active areas is 1, 1 normal, 0 stub, 0 nssa
 Install discard route for summarized external routes.
 Install discard route for summarized internal routes.
   Area BACKBONE(0.0.0.0) 
        Area has existed for 6d01h
        Interfaces in this area: 3 Active interfaces: 3
        Passive interfaces: 0  Loopback interfaces: 1
        No authentication available
        SPF calculation has run 8 times
         Last SPF ran for 0.000169s
        Area ranges are
        Number of LSAs: 4, checksum sum 0x23fc3
switch#
[2020-04-27 09:01:27,399] +++ nx-osv-1: executing command 'show ip ospf mpls ldp interface vrf all' +++
show ip ospf mpls ldp interface vrf all
loopback0 - Process ID 1 VRF default, area 0.0.0.0
    LDP Autoconfig not enabled
    LDP Sync not enabled, not required
    State LOOPBACK, Network type LOOPBACK
Ethernet2/1 - Process ID 1 VRF default, area 0.0.0.0
    LDP Autoconfig not enabled
    LDP Sync not enabled, not required
    State BDR, Network type BROADCAST
Ethernet2/2 - Process ID 1 VRF default, area 0.0.0.0
    LDP Autoconfig not enabled
    LDP Sync not enabled, not required
    State DR, Network type BROADCAST
switch#
[2020-04-27 09:01:27,481] +++ nx-osv-1: executing command 'show ip ospf database router detail vrf all' +++
show ip ospf database router detail vrf all
        OSPF Router with ID (10.2.2.2) (Process ID 1 VRF default)

                Router Link States (Area 0.0.0.0)

   LS age: 122
   Options: 0x22 (No TOS-capability, DC)
   LS Type: Router Links
   Link State ID: 10.1.1.1 
   Advertising Router: 10.1.1.1
   LS Seq Number: 0x8000010f
   Checksum: 0xc4e3
   Length: 60
    Number of links: 3

     Link connected to: a Stub Network
      (Link ID) Network/Subnet Number: 10.1.1.1
      (Link Data) Network Mask: 255.255.255.255
       Number of TOS metrics: 0
         TOS   0 Metric: 1

     Link connected to: a Transit Network
      (Link ID) Designated Router address: 10.0.1.1
      (Link Data) Router Interface address: 10.0.1.1
       Number of TOS metrics: 0
         TOS   0 Metric: 1

     Link connected to: a Transit Network
      (Link ID) Designated Router address: 10.0.2.2
      (Link Data) Router Interface address: 10.0.2.1
       Number of TOS metrics: 0
         TOS   0 Metric: 1

   LS age: 132
   Options: 0x2 (No TOS-capability, No DC)
   LS Type: Router Links
   Link State ID: 10.2.2.2 
   Advertising Router: 10.2.2.2
   LS Seq Number: 0x80000125
   Checksum: 0xa2b6
   Length: 60
    Number of links: 3

     Link connected to: a Stub Network
      (Link ID) Network/Subnet Number: 10.2.2.2
      (Link Data) Network Mask: 255.255.255.255
       Number of TOS metrics: 0
         TOS   0 Metric: 1

     Link connected to: a Transit Network
      (Link ID) Designated Router address: 10.0.1.1
      (Link Data) Router Interface address: 10.0.1.2
       Number of TOS metrics: 0
         TOS   0 Metric: 40

     Link connected to: a Transit Network
      (Link ID) Designated Router address: 10.0.2.2
      (Link Data) Router Interface address: 10.0.2.2
       Number of TOS metrics: 0
         TOS   0 Metric: 40
switch#
[2020-04-27 09:01:27,579] +++ nx-osv-1: executing command 'show ip ospf database network detail vrf all' +++
show ip ospf database network detail vrf all
        OSPF Router with ID (10.2.2.2) (Process ID 1 VRF default)

                Network Link States (Area 0.0.0.0)

   LS age: 134
   Options: 0x22 (No TOS-capability, DC)
   LS Type: Network Links
   Link State ID: 10.0.1.1 (Designated Router address)
   Advertising Router: 10.1.1.1
   LS Seq Number: 0x80000001
   Checksum: 0xb64d
   Length: 32
   Network Mask: /24
         Attached Router: 10.1.1.1
         Attached Router: 10.2.2.2

   LS age: 1493
   Options: 0x2 (No TOS-capability, No DC)
   LS Type: Network Links
   Link State ID: 10.0.2.2 (Designated Router address)
   Advertising Router: 10.2.2.2
   LS Seq Number: 0x80000120
   Checksum: 0x21dd
   Length: 32
   Network Mask: /24
         Attached Router: 10.2.2.2
         Attached Router: 10.1.1.1
switch#
[2020-04-27 09:01:27,654] +++ nx-osv-1: executing command 'show ip ospf database summary detail vrf all' +++
show ip ospf database summary detail vrf all
        OSPF Router with ID (10.2.2.2) (Process ID 1 VRF default)
switch#
[2020-04-27 09:01:27,727] +++ nx-osv-1: executing command 'show ip ospf database external detail vrf all' +++
show ip ospf database external detail vrf all
        OSPF Router with ID (10.2.2.2) (Process ID 1 VRF default)
switch#
[2020-04-27 09:01:27,804] +++ nx-osv-1: executing command 'show ip ospf database opaque-area detail vrf all' +++
show ip ospf database opaque-area detail vrf all
        OSPF Router with ID (10.2.2.2) (Process ID 1 VRF default)
switch#
[2020-04-27 09:01:27,879] +++ nx-osv-1: executing command 'show ip ospf virtual-links vrf all' +++
show ip ospf virtual-links vrf all
switch#
[2020-04-27 09:01:27,966] +++ nx-osv-1: executing command 'show ip ospf interface vrf all' +++
show ip ospf interface vrf all
 Ethernet2/1 is up, line protocol is up
    IP address 10.0.1.2/24
    Process ID 1 VRF default, area 0.0.0.0
    Enabled by interface configuration
    State BDR, Network type BROADCAST, cost 40
    Index 2, Transmit delay 1 sec, Router Priority 1
    Designated Router ID: 10.1.1.1, address: 10.0.1.1
    Backup Designated Router ID: 10.2.2.2, address: 10.0.1.2
    1 Neighbors, flooding to 1, adjacent with 1
    Timer intervals: Hello 10, Dead 40, Wait 40, Retransmit 5
      Hello timer due in 00:00:00
    No authentication
    Number of opaque link LSAs: 0, checksum sum 0
 Ethernet2/2 is up, line protocol is up
    IP address 10.0.2.2/24
    Process ID 1 VRF default, area 0.0.0.0
    Enabled by interface configuration
[...]
  Access Mode VLAN: 1 (default)
  Trunking Native Mode VLAN: 1 (default)
  Trunking VLANs Allowed: 1-4094
  Administrative private-vlan primary host-association: none
  Administrative private-vlan secondary host-association: none
  Administrative private-vlan primary mapping: none
  Administrative private-vlan secondary mapping: none
  Administrative private-vlan trunk native VLAN: none
  Administrative private-vlan trunk encapsulation: dot1q
  Administrative private-vlan trunk normal VLANs: none
  Administrative private-vlan trunk private VLANs: none
  Operational private-vlan: none
Name: Ethernet4/32
  Switchport: Enabled
  Switchport Monitor: Not enabled 
  Operational Mode: access
  Access Mode VLAN: 1 (default)
  Trunking Native Mode VLAN: 1 (default)
  Trunking VLANs Allowed: 1-4094
  Administrative private-vlan primary host-association: none
  Administrative private-vlan secondary host-association: none
  Administrative private-vlan primary mapping: none
  Administrative private-vlan secondary mapping: none
  Administrative private-vlan trunk native VLAN: none
  Administrative private-vlan trunk encapsulation: dot1q
  Administrative private-vlan trunk normal VLANs: none
  Administrative private-vlan trunk private VLANs: none
  Operational private-vlan: none
Name: Ethernet4/33
  Switchport: Enabled
  Switchport Monitor: Not enabled 
  Operational Mode: access
  Access Mode VLAN: 1 (default)
  Trunking Native Mode VLAN: 1 (default)
  Trunking VLANs Allowed: 1-4094
  Administrative private-vlan primary host-association: none
  Administrative private-vlan secondary host-association: none
  Administrative private-vlan primary mapping: none
  Administrative private-vlan secondary mapping: none
  Administrative private-vlan trunk native VLAN: none
  Administrative private-vlan trunk encapsulation: dot1q
  Administrative private-vlan trunk normal VLANs: none
  Administrative private-vlan trunk private VLANs: none
  Operational private-vlan: none
Name: Ethernet4/34
  Switchport: Enabled
  Switchport Monitor: Not enabled 
  Operational Mode: access
  Access Mode VLAN: 1 (default)
  Trunking Native Mode VLAN: 1 (default)
  Trunking VLANs Allowed: 1-4094
  Administrative private-vlan primary host-association: none
  Administrative private-vlan secondary host-association: none
  Administrative private-vlan primary mapping: none
  Administrative private-vlan secondary mapping: none
  Administrative private-vlan trunk native VLAN: none
  Administrative private-vlan trunk encapsulation: dot1q
  Administrative private-vlan trunk normal VLANs: none
  Administrative private-vlan trunk private VLANs: none
  Operational private-vlan: none
Name: Ethernet4/35
  Switchport: Enabled
  Switchport Monitor: Not enabled 
  Operational Mode: access
  Access Mode VLAN: 1 (default)
  Trunking Native Mode VLAN: 1 (default)
  Trunking VLANs Allowed: 1-4094
  Administrative private-vlan primary host-association: none
  Administrative private-vlan secondary host-association: none
  Administrative private-vlan primary mapping: none
  Administrative private-vlan secondary mapping: none
  Administrative private-vlan trunk native VLAN: none
  Administrative private-vlan trunk encapsulation: dot1q
  Administrative private-vlan trunk normal VLANs: none
  Administrative private-vlan trunk private VLANs: none
  Operational private-vlan: none
Name: Ethernet4/36
  Switchport: Enabled
  Switchport Monitor: Not enabled 
  Operational Mode: access
  Access Mode VLAN: 1 (default)
  Trunking Native Mode VLAN: 1 (default)
  Trunking VLANs Allowed: 1-4094
  Administrative private-vlan primary host-association: none
  Administrative private-vlan secondary host-association: none
  Administrative private-vlan primary mapping: none
  Administrative private-vlan secondary mapping: none
  Administrative private-vlan trunk native VLAN: none
  Administrative private-vlan trunk encapsulation: dot1q
  Administrative private-vlan trunk normal VLANs: none
  Administrative private-vlan trunk private VLANs: none
  Operational private-vlan: none
Name: Ethernet4/37
  Switchport: Enabled
  Switchport Monitor: Not enabled 
  Operational Mode: access
  Access Mode VLAN: 1 (default)
  Trunking Native Mode VLAN: 1 (default)
  Trunking VLANs Allowed: 1-4094
  Administrative private-vlan primary host-association: none
  Administrative private-vlan secondary host-association: none
  Administrative private-vlan primary mapping: none
  Administrative private-vlan secondary mapping: none
  Administrative private-vlan trunk native VLAN: none
  Administrative private-vlan trunk encapsulation: dot1q
  Administrative private-vlan trunk normal VLANs: none
  Administrative private-vlan trunk private VLANs: none
  Operational private-vlan: none
Name: Ethernet4/38
  Switchport: Enabled
  Switchport Monitor: Not enabled 
  Operational Mode: access
  Access Mode VLAN: 1 (default)
  Trunking Native Mode VLAN: 1 (default)
  Trunking VLANs Allowed: 1-4094
  Administrative private-vlan primary host-association: none
  Administrative private-vlan secondary host-association: none
  Administrative private-vlan primary mapping: none
  Administrative private-vlan secondary mapping: none
  Administrative private-vlan trunk native VLAN: none
  Administrative private-vlan trunk encapsulation: dot1q
  Administrative private-vlan trunk normal VLANs: none
  Administrative private-vlan trunk private VLANs: none
  Operational private-vlan: none
Name: Ethernet4/39
  Switchport: Enabled
  Switchport Monitor: Not enabled 
  Operational Mode: access
  Access Mode VLAN: 1 (default)
  Trunking Native Mode VLAN: 1 (default)
  Trunking VLANs Allowed: 1-4094
  Administrative private-vlan primary host-association: none
  Administrative private-vlan secondary host-association: none
  Administrative private-vlan primary mapping: none
  Administrative private-vlan secondary mapping: none
  Administrative private-vlan trunk native VLAN: none
  Administrative private-vlan trunk encapsulation: dot1q
  Administrative private-vlan trunk normal VLANs: none
  Administrative private-vlan trunk private VLANs: none
  Operational private-vlan: none
Name: Ethernet4/40
  Switchport: Enabled
  Switchport Monitor: Not enabled 
  Operational Mode: access
  Access Mode VLAN: 1 (default)
  Trunking Native Mode VLAN: 1 (default)
  Trunking VLANs Allowed: 1-4094
  Administrative private-vlan primary host-association: none
  Administrative private-vlan secondary host-association: none
  Administrative private-vlan primary mapping: none
  Administrative private-vlan secondary mapping: none
  Administrative private-vlan trunk native VLAN: none
  Administrative private-vlan trunk encapsulation: dot1q
  Administrative private-vlan trunk normal VLANs: none
  Administrative private-vlan trunk private VLANs: none
  Operational private-vlan: none
Name: Ethernet4/41
  Switchport: Enabled
  Switchport Monitor: Not enabled 
  Operational Mode: access
  Access Mode VLAN: 1 (default)
  Trunking Native Mode VLAN: 1 (default)
  Trunking VLANs Allowed: 1-4094
  Administrative private-vlan primary host-association: none
  Administrative private-vlan secondary host-association: none
  Administrative private-vlan primary mapping: none
  Administrative private-vlan secondary mapping: none
  Administrative private-vlan trunk native VLAN: none
  Administrative private-vlan trunk encapsulation: dot1q
  Administrative private-vlan trunk normal VLANs: none
  Administrative private-vlan trunk private VLANs: none
  Operational private-vlan: none
Name: Ethernet4/42
  Switchport: Enabled
  Switchport Monitor: Not enabled 
  Operational Mode: access
  Access Mode VLAN: 1 (default)
  Trunking Native Mode VLAN: 1 (default)
  Trunking VLANs Allowed: 1-4094
  Administrative private-vlan primary host-association: none
  Administrative private-vlan secondary host-association: none
  Administrative private-vlan primary mapping: none
  Administrative private-vlan secondary mapping: none
  Administrative private-vlan trunk native VLAN: none
  Administrative private-vlan trunk encapsulation: dot1q
  Administrative private-vlan trunk normal VLANs: none
  Administrative private-vlan trunk private VLANs: none
  Operational private-vlan: none
Name: Ethernet4/43
  Switchport: Enabled
  Switchport Monitor: Not enabled 
  Operational Mode: access
  Access Mode VLAN: 1 (default)
  Trunking Native Mode VLAN: 1 (default)
  Trunking VLANs Allowed: 1-4094
  Administrative private-vlan primary host-association: none
  Administrative private-vlan secondary host-association: none
  Administrative private-vlan primary mapping: none
  Administrative private-vlan secondary mapping: none
  Administrative private-vlan trunk native VLAN: none
  Administrative private-vlan trunk encapsulation: dot1q
  Administrative private-vlan trunk normal VLANs: none
  Administrative private-vlan trunk private VLANs: none
  Operational private-vlan: none
Name: Ethernet4/44
  Switchport: Enabled
  Switchport Monitor: Not enabled 
  Operational Mode: access
  Access Mode VLAN: 1 (default)
  Trunking Native Mode VLAN: 1 (default)
  Trunking VLANs Allowed: 1-4094
  Administrative private-vlan primary host-association: none
  Administrative private-vlan secondary host-association: none
  Administrative private-vlan primary mapping: none
  Administrative private-vlan secondary mapping: none
  Administrative private-vlan trunk native VLAN: none
  Administrative private-vlan trunk encapsulation: dot1q
  Administrative private-vlan trunk normal VLANs: none
  Administrative private-vlan trunk private VLANs: none
  Operational private-vlan: none
Name: Ethernet4/45
  Switchport: Enabled
  Switchport Monitor: Not enabled 
  Operational Mode: access
  Access Mode VLAN: 1 (default)
  Trunking Native Mode VLAN: 1 (default)
  Trunking VLANs Allowed: 1-4094
  Administrative private-vlan primary host-association: none
  Administrative private-vlan secondary host-association: none
  Administrative private-vlan primary mapping: none
  Administrative private-vlan secondary mapping: none
  Administrative private-vlan trunk native VLAN: none
  Administrative private-vlan trunk encapsulation: dot1q
  Administrative private-vlan trunk normal VLANs: none
  Administrative private-vlan trunk private VLANs: none
  Operational private-vlan: none
Name: Ethernet4/46
  Switchport: Enabled
  Switchport Monitor: Not enabled 
  Operational Mode: access
  Access Mode VLAN: 1 (default)
  Trunking Native Mode VLAN: 1 (default)
  Trunking VLANs Allowed: 1-4094
  Administrative private-vlan primary host-association: none
  Administrative private-vlan secondary host-association: none
  Administrative private-vlan primary mapping: none
  Administrative private-vlan secondary mapping: none
  Administrative private-vlan trunk native VLAN: none
  Administrative private-vlan trunk encapsulation: dot1q
  Administrative private-vlan trunk normal VLANs: none
  Administrative private-vlan trunk private VLANs: none
  Operational private-vlan: none
Name: Ethernet4/47
  Switchport: Enabled
  Switchport Monitor: Not enabled 
  Operational Mode: access
  Access Mode VLAN: 1 (default)
  Trunking Native Mode VLAN: 1 (default)
  Trunking VLANs Allowed: 1-4094
  Administrative private-vlan primary host-association: none
  Administrative private-vlan secondary host-association: none
  Administrative private-vlan primary mapping: none
  Administrative private-vlan secondary mapping: none
  Administrative private-vlan trunk native VLAN: none
  Administrative private-vlan trunk encapsulation: dot1q
  Administrative private-vlan trunk normal VLANs: none
  Administrative private-vlan trunk private VLANs: none
  Operational private-vlan: none
Name: Ethernet4/48
  Switchport: Enabled
  Switchport Monitor: Not enabled 
  Operational Mode: access
  Access Mode VLAN: 1 (default)
  Trunking Native Mode VLAN: 1 (default)
  Trunking VLANs Allowed: 1-4094
  Administrative private-vlan primary host-association: none
  Administrative private-vlan secondary host-association: none
  Administrative private-vlan primary mapping: none
  Administrative private-vlan secondary mapping: none
  Administrative private-vlan trunk native VLAN: none
  Administrative private-vlan trunk encapsulation: dot1q
  Administrative private-vlan trunk normal VLANs: none
  Administrative private-vlan trunk private VLANs: none
  Operational private-vlan: none
switch#
[2020-04-27 09:01:31,373] +++ nx-osv-1: executing command 'show ip interface vrf all' +++
show ip interface vrf all
IP Interface Status for VRF "default"
loopback0, Interface status: protocol-up/link-up/admin-up, iod: 132,
  IP address: 10.2.2.2, IP subnet: 10.2.2.2/32 route-preference: 0, tag: 0 
  IP broadcast address: 255.255.255.255
  IP multicast groups locally joined: none
  IP MTU: 1500 bytes (using link MTU)
  IP primary address route-preference: 0, tag: 0
  IP proxy ARP : disabled
  IP Local Proxy ARP : disabled
  IP multicast routing: disabled
  IP icmp redirects: enabled
  IP directed-broadcast: disabled 
  IP Forwarding: disabled 
  IP icmp unreachables (except port): disabled
  IP icmp port-unreachable: enabled
  IP unicast reverse path forwarding: none
  IP load sharing: none 
  IP interface statistics last reset: never
  IP interface software stats: (sent/received/forwarded/originated/consumed)
    Unicast packets    : 0/0/0/0/18270
    Unicast bytes      : 0/0/0/0/913055
    Multicast packets  : 0/0/0/0/0
    Multicast bytes    : 0/0/0/0/0
    Broadcast packets  : 0/0/0/0/0
    Broadcast bytes    : 0/0/0/0/0
    Labeled packets    : 0/0/0/0/0
    Labeled bytes      : 0/0/0/0/0
  WCCP Redirect outbound: disabled
  WCCP Redirect inbound: disabled
  WCCP Redirect exclude: disabled
loopback1, Interface status: protocol-up/link-up/admin-up, iod: 133,
  IP address: 10.22.22.22, IP subnet: 10.22.22.22/32 route-preference: 0, tag: 0 
  IP broadcast address: 255.255.255.255
  IP multicast groups locally joined: none
  IP MTU: 1500 bytes (using link MTU)
  IP primary address route-preference: 0, tag: 0
  IP proxy ARP : disabled
  IP Local Proxy ARP : disabled
  IP multicast routing: disabled
  IP icmp redirects: enabled
  IP directed-broadcast: disabled 
  IP Forwarding: disabled 
  IP icmp unreachables (except port): disabled
  IP icmp port-unreachable: enabled
  IP unicast reverse path forwarding: none
  IP load sharing: none 
  IP interface statistics last reset: never
  IP interface software stats: (sent/received/forwarded/originated/consumed)
    Unicast packets    : 0/0/0/0/0
    Unicast bytes      : 0/0/0/0/0
    Multicast packets  : 0/0/0/0/0
    Multicast bytes    : 0/0/0/0/0
    Broadcast packets  : 0/0/0/0/0
    Broadcast bytes    : 0/0/0/0/0
    Labeled packets    : 0/0/0/0/0
    Labeled bytes      : 0/0/0/0/0
  WCCP Redirect outbound: disabled
  WCCP Redirect inbound: disabled
  WCCP Redirect exclude: disabled
Ethernet2/1, Interface status: protocol-up/link-up/admin-up, iod: 36,
  IP address: 10.0.1.2, IP subnet: 10.0.1.0/24 route-preference: 0, tag: 0 
  IP broadcast address: 255.255.255.255
  IP multicast groups locally joined: 
      224.0.0.6  224.0.0.5  
  IP MTU: 1500 bytes (using link MTU)
  IP primary address route-preference: 0, tag: 0
  IP proxy ARP : disabled
  IP Local Proxy ARP : disabled
  IP multicast routing: disabled
  IP icmp redirects: enabled
  IP directed-broadcast: disabled 
  IP Forwarding: disabled 
  IP icmp unreachables (except port): disabled
  IP icmp port-unreachable: enabled
  IP unicast reverse path forwarding: none
  IP load sharing: none 
  IP interface statistics last reset: never
  IP interface software stats: (sent/received/forwarded/originated/consumed)
    Unicast packets    : 12033/114/0/12033/228
    Unicast bytes      : 807089/9388/0/807089/18776
    Multicast packets  : 39602/36444/0/39602/72884
    Multicast bytes    : 3422188/3649624/0/3422188/3649432
    Broadcast packets  : 0/2/0/0/2
    Broadcast bytes    : 0/373/0/0/373
    Labeled packets    : 0/0/0/0/0
    Labeled bytes      : 0/0/0/0/0
  WCCP Redirect outbound: disabled
  WCCP Redirect inbound: disabled
  WCCP Redirect exclude: disabled
Ethernet2/2, Interface status: protocol-up/link-up/admin-up, iod: 37,
  IP address: 10.0.2.2, IP subnet: 10.0.2.0/24 route-preference: 0, tag: 0 
  IP broadcast address: 255.255.255.255
  IP multicast groups locally joined: 
      224.0.0.6  224.0.0.5  
  IP MTU: 1500 bytes (using link MTU)
  IP primary address route-preference: 0, tag: 0
  IP proxy ARP : disabled
  IP Local Proxy ARP : disabled
  IP multicast routing: disabled
  IP icmp redirects: enabled
  IP directed-broadcast: disabled 
  IP Forwarding: disabled 
  IP icmp unreachables (except port): disabled
  IP icmp port-unreachable: enabled
  IP unicast reverse path forwarding: none
  IP load sharing: none 
  IP interface statistics last reset: never
  IP interface software stats: (sent/received/forwarded/originated/consumed)
    Unicast packets    : 6259/18378/0/6259/18486
    Unicast bytes      : 419733/974025/0/419733/982901
    Multicast packets  : 60303/55565/0/60303/111128
    Multicast bytes    : 5206198/5555416/0/5206198/5555320
    Broadcast packets  : 0/2/0/0/2
    Broadcast bytes    : 0/373/0/0/373
    Labeled packets    : 0/0/0/0/0
    Labeled bytes      : 0/0/0/0/0
  WCCP Redirect outbound: disabled
  WCCP Redirect inbound: disabled
  WCCP Redirect exclude: disabled

IP Interface Status for VRF "management"
switch#
[2020-04-27 09:01:31,462] +++ nx-osv-1: executing command 'show routing vrf all' +++
show routing vrf all
IP Route Table for VRF "default"
'*' denotes best ucast next-hop
'**' denotes best mcast next-hop
'[x/y]' denotes [preference/metric]
'%&lt;string&gt;' in via output denotes VRF &lt;string&gt;

10.0.1.0/24, ubest/mbest: 1/0, attached
    *via 10.0.1.2, Eth2/1, [0/0], 00:01:41, direct
10.0.1.2/32, ubest/mbest: 1/0, attached
    *via 10.0.1.2, Eth2/1, [0/0], 00:01:41, local
10.0.2.0/24, ubest/mbest: 1/0, attached
    *via 10.0.2.2, Eth2/2, [0/0], 6d01h, direct
10.0.2.2/32, ubest/mbest: 1/0, attached
    *via 10.0.2.2, Eth2/2, [0/0], 6d01h, local
10.1.1.1/32, ubest/mbest: 2/0
    *via 10.0.1.1, Eth2/1, [110/41], 00:01:32, ospf-1, intra
    *via 10.0.2.1, Eth2/2, [110/41], 00:01:32, ospf-1, intra
10.2.2.2/32, ubest/mbest: 2/0, attached
    *via 10.2.2.2, Lo0, [0/0], 6d01h, local
    *via 10.2.2.2, Lo0, [0/0], 6d01h, direct
10.11.11.11/32, ubest/mbest: 1/0
    *via 10.1.1.1, [200/0], 00:01:32, bgp-65000, internal, tag 65000, 
10.22.22.22/32, ubest/mbest: 2/0, attached
    *via 10.22.22.22, Lo1, [0/0], 6d01h, local
    *via 10.22.22.22, Lo1, [0/0], 6d01h, direct
switch#
[2020-04-27 09:01:31,546] +++ nx-osv-1: executing command 'show ipv6 interface vrf all' +++
show ipv6 interface vrf all
IPv6 Interface Status for VRF "default"

IPv6 Interface Status for VRF "management"
switch#
[2020-04-27 09:01:31,623] +++ nx-osv-1: executing command 'show routing ipv6 vrf all' +++
show routing ipv6 vrf all
IPv6 Routing Table for VRF "default"
'*' denotes best ucast next-hop
'**' denotes best mcast next-hop
'[x/y]' denotes [preference/metric]


IPv6 Routing Table for VRF "management"
'*' denotes best ucast next-hop
'**' denotes best mcast next-hop
'[x/y]' denotes [preference/metric]
switch#</msg>
<msg timestamp="20200427 09:01:32.473" level="FAIL">Expected '1', but found '5'</msg>
<status status="FAIL" starttime="20200427 09:01:30.412" endtime="20200427 09:01:32.473"></status>
</kw>
<status status="FAIL" starttime="20200427 09:01:30.412" endtime="20200427 09:01:32.473" critical="yes">Expected '1', but found '5'</status>
</test>
<status status="FAIL" starttime="20200427 09:01:16.622" endtime="20200427 09:01:32.474"></status>
</suite>
<statistics>
<total>
<stat pass="2" fail="4">Critical Tests</stat>
<stat pass="2" fail="4">All Tests</stat>
</total>
<tag>
<stat pass="1" fail="0">noncritical</stat>
</tag>
<suite>
<stat pass="2" fail="4" id="s1" name="Robot Bonus">Robot Bonus</stat>
</suite>
</statistics>
<errors>
</errors>
</robot>
